# JRE version: OpenJDK Runtime Environment (17.0.6) (build 17.0.6+0-b2043.56-9586694)
# Java VM: OpenJDK 64-Bit Server VM (17.0.6+0-b2043.56-9586694, mixed mode, tiered, compressed oops, compressed class ptrs, g1 gc, windows-amd64)
GC Precious Log:
 CPUs: 8 total, 8 available
 Memory: 15963M
 Large Page Support: Disabled
 NUMA Support: Disabled
 Compressed Oops: Enabled (32-bit)
 Heap Region Size: 1M
 Heap Min Capacity: 8M
 Heap Initial Capacity: 250M
 Heap Max Capacity: 2G
 Pre-touch: Disabled
 Parallel Workers: 8
 Concurrent Workers: 2
 Concurrent Refinement Workers: 8
 Periodic GC: Disabled
Heap:
 garbage-first heap   total 177152K, used 84769K [0x0000000080000000, 0x0000000100000000)
  region size 1024K, 17 young (17408K), 5 survivors (5120K)
 Metaspace       used 83912K, committed 84480K, reserved 1122304K
  class space    used 11402K, committed 11712K, reserved 1048576K
GC Heap History (20 events):
Event: 7.584 GC heap before
{Heap before GC invocations=13 (full 0):
 garbage-first heap   total 82944K, used 68000K [0x0000000080000000, 0x0000000100000000)
  region size 1024K, 31 young (31744K), 4 survivors (4096K)
 Metaspace       used 51241K, committed 51712K, reserved 1097728K
  class space    used 6766K, committed 6976K, reserved 1048576K
}
Event: 7.589 GC heap after
{Heap after GC invocations=14 (full 0):
 garbage-first heap   total 100352K, used 42576K [0x0000000080000000, 0x0000000100000000)
  region size 1024K, 4 young (4096K), 4 survivors (4096K)
 Metaspace       used 51241K, committed 51712K, reserved 1097728K
  class space    used 6766K, committed 6976K, reserved 1048576K
}
Event: 8.348 GC heap before
{Heap before GC invocations=14 (full 0):
 garbage-first heap   total 100352K, used 82512K [0x0000000080000000, 0x0000000100000000)
  region size 1024K, 39 young (39936K), 4 survivors (4096K)
 Metaspace       used 55409K, committed 55872K, reserved 1097728K
  class space    used 7318K, committed 7488K, reserved 1048576K
}
Event: 8.356 GC heap after
{Heap after GC invocations=15 (full 0):
 garbage-first heap   total 100352K, used 52720K [0x0000000080000000, 0x0000000100000000)
  region size 1024K, 5 young (5120K), 5 survivors (5120K)
 Metaspace       used 55409K, committed 55872K, reserved 1097728K
  class space    used 7318K, committed 7488K, reserved 1048576K
}
Event: 9.380 GC heap before
{Heap before GC invocations=15 (full 0):
 garbage-first heap   total 100352K, used 77296K [0x0000000080000000, 0x0000000100000000)
  region size 1024K, 30 young (30720K), 5 survivors (5120K)
 Metaspace       used 60059K, committed 60480K, reserved 1105920K
  class space    used 7929K, committed 8128K, reserved 1048576K
}
Event: 9.389 GC heap after
{Heap after GC invocations=16 (full 0):
 garbage-first heap   total 100352K, used 54317K [0x0000000080000000, 0x0000000100000000)
  region size 1024K, 2 young (2048K), 2 survivors (2048K)
 Metaspace       used 60059K, committed 60480K, reserved 1105920K
  class space    used 7929K, committed 8128K, reserved 1048576K
}
Event: 9.679 GC heap before
{Heap before GC invocations=17 (full 0):
 garbage-first heap   total 100352K, used 58413K [0x0000000080000000, 0x0000000100000000)
  region size 1024K, 8 young (8192K), 2 survivors (2048K)
 Metaspace       used 61491K, committed 62016K, reserved 1105920K
  class space    used 8090K, committed 8320K, reserved 1048576K
}
Event: 9.686 GC heap after
{Heap after GC invocations=18 (full 0):
 garbage-first heap   total 100352K, used 55454K [0x0000000080000000, 0x0000000100000000)
  region size 1024K, 3 young (3072K), 3 survivors (3072K)
 Metaspace       used 61491K, committed 62016K, reserved 1105920K
  class space    used 8090K, committed 8320K, reserved 1048576K
}
Event: 10.397 GC heap before
{Heap before GC invocations=19 (full 0):
 garbage-first heap   total 117760K, used 86174K [0x0000000080000000, 0x0000000100000000)
  region size 1024K, 27 young (27648K), 3 survivors (3072K)
 Metaspace       used 62974K, committed 63488K, reserved 1105920K
  class space    used 8300K, committed 8512K, reserved 1048576K
}
Event: 10.407 GC heap after
{Heap after GC invocations=20 (full 0):
 garbage-first heap   total 117760K, used 57832K [0x0000000080000000, 0x0000000100000000)
  region size 1024K, 4 young (4096K), 4 survivors (4096K)
 Metaspace       used 62974K, committed 63488K, reserved 1105920K
  class space    used 8300K, committed 8512K, reserved 1048576K
}
Event: 10.446 GC heap before
{Heap before GC invocations=20 (full 0):
 garbage-first heap   total 117760K, used 58856K [0x0000000080000000, 0x0000000100000000)
  region size 1024K, 5 young (5120K), 4 survivors (4096K)
 Metaspace       used 63087K, committed 63616K, reserved 1105920K
  class space    used 8317K, committed 8512K, reserved 1048576K
}
Event: 10.454 GC heap after
{Heap after GC invocations=21 (full 0):
 garbage-first heap   total 117760K, used 58077K [0x0000000080000000, 0x0000000100000000)
  region size 1024K, 1 young (1024K), 1 survivors (1024K)
 Metaspace       used 63087K, committed 63616K, reserved 1105920K
  class space    used 8317K, committed 8512K, reserved 1048576K
}
Event: 11.221 GC heap before
{Heap before GC invocations=21 (full 0):
 garbage-first heap   total 117760K, used 83677K [0x0000000080000000, 0x0000000100000000)
  region size 1024K, 27 young (27648K), 1 survivors (1024K)
 Metaspace       used 65119K, committed 65664K, reserved 1114112K
  class space    used 8556K, committed 8768K, reserved 1048576K
}
Event: 11.228 GC heap after
{Heap after GC invocations=22 (full 0):
 garbage-first heap   total 177152K, used 60248K [0x0000000080000000, 0x0000000100000000)
  region size 1024K, 3 young (3072K), 3 survivors (3072K)
 Metaspace       used 65119K, committed 65664K, reserved 1114112K
  class space    used 8556K, committed 8768K, reserved 1048576K
}
Event: 12.794 GC heap before
{Heap before GC invocations=22 (full 0):
 garbage-first heap   total 177152K, used 121688K [0x0000000080000000, 0x0000000100000000)
  region size 1024K, 62 young (63488K), 3 survivors (3072K)
 Metaspace       used 68577K, committed 69120K, reserved 1114112K
  class space    used 9036K, committed 9280K, reserved 1048576K
}
Event: 12.808 GC heap after
{Heap after GC invocations=23 (full 0):
 garbage-first heap   total 177152K, used 63997K [0x0000000080000000, 0x0000000100000000)
  region size 1024K, 7 young (7168K), 7 survivors (7168K)
 Metaspace       used 68577K, committed 69120K, reserved 1114112K
  class space    used 9036K, committed 9280K, reserved 1048576K
}
Event: 14.859 GC heap before
{Heap before GC invocations=23 (full 0):
 garbage-first heap   total 177152K, used 129533K [0x0000000080000000, 0x0000000100000000)
  region size 1024K, 71 young (72704K), 7 survivors (7168K)
 Metaspace       used 75565K, committed 76096K, reserved 1122304K
  class space    used 10183K, committed 10432K, reserved 1048576K
}
Event: 14.875 GC heap after
{Heap after GC invocations=24 (full 0):
 garbage-first heap   total 177152K, used 68837K [0x0000000080000000, 0x0000000100000000)
  region size 1024K, 9 young (9216K), 9 survivors (9216K)
 Metaspace       used 75565K, committed 76096K, reserved 1122304K
  class space    used 10183K, committed 10432K, reserved 1048576K
}
Event: 16.937 GC heap before
{Heap before GC invocations=24 (full 0):
 garbage-first heap   total 177152K, used 132325K [0x0000000080000000, 0x0000000100000000)
  region size 1024K, 71 young (72704K), 9 survivors (9216K)
 Metaspace       used 83086K, committed 83712K, reserved 1122304K
  class space    used 11289K, committed 11584K, reserved 1048576K
}
Event: 16.960 GC heap after
{Heap after GC invocations=25 (full 0):
 garbage-first heap   total 177152K, used 73505K [0x0000000080000000, 0x0000000100000000)
  region size 1024K, 5 young (5120K), 5 survivors (5120K)
 Metaspace       used 83086K, committed 83712K, reserved 1122304K
  class space    used 11289K, committed 11584K, reserved 1048576K
}

