# JRE version: OpenJDK Runtime Environment (17.0.6) (build 17.0.6+0-b2043.56-9586694)
# Java VM: OpenJDK 64-Bit Server VM (17.0.6+0-b2043.56-9586694, mixed mode, tiered, compressed oops, compressed class ptrs, g1 gc, windows-amd64)
GC Precious Log:
 CPUs: 8 total, 8 available
 Memory: 15963M
 Large Page Support: Disabled
 NUMA Support: Disabled
 Compressed Oops: Enabled (32-bit)
 Heap Region Size: 1M
 Heap Min Capacity: 8M
 Heap Initial Capacity: 250M
 Heap Max Capacity: 2G
 Pre-touch: Disabled
 Parallel Workers: 8
 Concurrent Workers: 2
 Concurrent Refinement Workers: 8
 Periodic GC: Disabled
Heap:
 garbage-first heap   total 204800K, used 124248K [0x0000000080000000, 0x0000000100000000)
  region size 1024K, 1 young (1024K), 1 survivors (1024K)
 Metaspace       used 92130K, committed 92800K, reserved 1130496K
  class space    used 12479K, committed 12800K, reserved 1048576K
GC Heap History (20 events):
Event: 9.518 GC heap after
{Heap after GC invocations=25 (full 0):
 garbage-first heap   total 163840K, used 64649K [0x0000000080000000, 0x0000000100000000)
  region size 1024K, 5 young (5120K), 5 survivors (5120K)
 Metaspace       used 68551K, committed 69056K, reserved 1114112K
  class space    used 9032K, committed 9280K, reserved 1048576K
}
Event: 10.275 GC heap before
{Heap before GC invocations=25 (full 0):
 garbage-first heap   total 163840K, used 117897K [0x0000000080000000, 0x0000000100000000)
  region size 1024K, 57 young (58368K), 5 survivors (5120K)
 Metaspace       used 74055K, committed 74624K, reserved 1114112K
  class space    used 9971K, committed 10240K, reserved 1048576K
}
Event: 10.284 GC heap after
{Heap after GC invocations=26 (full 0):
 garbage-first heap   total 163840K, used 67878K [0x0000000080000000, 0x0000000100000000)
  region size 1024K, 8 young (8192K), 8 survivors (8192K)
 Metaspace       used 74055K, committed 74624K, reserved 1114112K
  class space    used 9971K, committed 10240K, reserved 1048576K
}
Event: 11.161 GC heap before
{Heap before GC invocations=26 (full 0):
 garbage-first heap   total 163840K, used 122150K [0x0000000080000000, 0x0000000100000000)
  region size 1024K, 61 young (62464K), 8 survivors (8192K)
 Metaspace       used 79574K, committed 80064K, reserved 1122304K
  class space    used 10786K, committed 11008K, reserved 1048576K
}
Event: 11.174 GC heap after
{Heap after GC invocations=27 (full 0):
 garbage-first heap   total 163840K, used 71859K [0x0000000080000000, 0x0000000100000000)
  region size 1024K, 8 young (8192K), 8 survivors (8192K)
 Metaspace       used 79574K, committed 80064K, reserved 1122304K
  class space    used 10786K, committed 11008K, reserved 1048576K
}
Event: 11.977 GC heap before
{Heap before GC invocations=27 (full 0):
 garbage-first heap   total 163840K, used 126131K [0x0000000080000000, 0x0000000100000000)
  region size 1024K, 61 young (62464K), 8 survivors (8192K)
 Metaspace       used 84564K, committed 85184K, reserved 1122304K
  class space    used 11479K, committed 11776K, reserved 1048576K
}
Event: 11.987 GC heap after
{Heap after GC invocations=28 (full 0):
 garbage-first heap   total 163840K, used 76152K [0x0000000080000000, 0x0000000100000000)
  region size 1024K, 8 young (8192K), 8 survivors (8192K)
 Metaspace       used 84564K, committed 85184K, reserved 1122304K
  class space    used 11479K, committed 11776K, reserved 1048576K
}
Event: 12.403 GC heap before
{Heap before GC invocations=28 (full 0):
 garbage-first heap   total 163840K, used 128376K [0x0000000080000000, 0x0000000100000000)
  region size 1024K, 59 young (60416K), 8 survivors (8192K)
 Metaspace       used 85247K, committed 85824K, reserved 1130496K
  class space    used 11569K, committed 11840K, reserved 1048576K
}
Event: 12.419 GC heap after
{Heap after GC invocations=29 (full 0):
 garbage-first heap   total 196608K, used 84810K [0x0000000080000000, 0x0000000100000000)
  region size 1024K, 8 young (8192K), 8 survivors (8192K)
 Metaspace       used 85247K, committed 85824K, reserved 1130496K
  class space    used 11569K, committed 11840K, reserved 1048576K
}
Event: 13.154 GC heap before
{Heap before GC invocations=29 (full 0):
 garbage-first heap   total 196608K, used 148298K [0x0000000080000000, 0x0000000100000000)
  region size 1024K, 71 young (72704K), 8 survivors (8192K)
 Metaspace       used 87771K, committed 88384K, reserved 1130496K
  class space    used 12053K, committed 12352K, reserved 1048576K
}
Event: 13.165 GC heap after
{Heap after GC invocations=30 (full 0):
 garbage-first heap   total 196608K, used 91043K [0x0000000080000000, 0x0000000100000000)
  region size 1024K, 6 young (6144K), 6 survivors (6144K)
 Metaspace       used 87771K, committed 88384K, reserved 1130496K
  class space    used 12053K, committed 12352K, reserved 1048576K
}
Event: 13.795 GC heap before
{Heap before GC invocations=30 (full 0):
 garbage-first heap   total 196608K, used 153507K [0x0000000080000000, 0x0000000100000000)
  region size 1024K, 67 young (68608K), 6 survivors (6144K)
 Metaspace       used 91061K, committed 91712K, reserved 1130496K
  class space    used 12415K, committed 12736K, reserved 1048576K
}
Event: 13.804 GC heap after
{Heap after GC invocations=31 (full 0):
 garbage-first heap   total 196608K, used 95362K [0x0000000080000000, 0x0000000100000000)
  region size 1024K, 5 young (5120K), 5 survivors (5120K)
 Metaspace       used 91061K, committed 91712K, reserved 1130496K
  class space    used 12415K, committed 12736K, reserved 1048576K
}
Event: 14.618 GC heap before
{Heap before GC invocations=31 (full 0):
 garbage-first heap   total 196608K, used 133250K [0x0000000080000000, 0x0000000100000000)
  region size 1024K, 44 young (45056K), 5 survivors (5120K)
 Metaspace       used 91579K, committed 92224K, reserved 1130496K
  class space    used 12422K, committed 12736K, reserved 1048576K
}
Event: 14.630 GC heap after
{Heap after GC invocations=32 (full 0):
 garbage-first heap   total 196608K, used 106267K [0x0000000080000000, 0x0000000100000000)
  region size 1024K, 9 young (9216K), 9 survivors (9216K)
 Metaspace       used 91579K, committed 92224K, reserved 1130496K
  class space    used 12422K, committed 12736K, reserved 1048576K
}
Event: 15.342 GC heap before
{Heap before GC invocations=33 (full 0):
 garbage-first heap   total 198656K, used 156443K [0x0000000080000000, 0x0000000100000000)
  region size 1024K, 56 young (57344K), 9 survivors (9216K)
 Metaspace       used 92063K, committed 92736K, reserved 1130496K
  class space    used 12470K, committed 12800K, reserved 1048576K
}
Event: 15.359 GC heap after
{Heap after GC invocations=34 (full 0):
 garbage-first heap   total 198656K, used 121999K [0x0000000080000000, 0x0000000100000000)
  region size 1024K, 7 young (7168K), 7 survivors (7168K)
 Metaspace       used 92063K, committed 92736K, reserved 1130496K
  class space    used 12470K, committed 12800K, reserved 1048576K
}
Event: 15.422 GC heap before
{Heap before GC invocations=34 (full 0):
 garbage-first heap   total 198656K, used 130191K [0x0000000080000000, 0x0000000100000000)
  region size 1024K, 9 young (9216K), 7 survivors (7168K)
 Metaspace       used 92110K, committed 92800K, reserved 1130496K
  class space    used 12476K, committed 12800K, reserved 1048576K
}
Event: 15.434 GC heap after
{Heap after GC invocations=35 (full 0):
 garbage-first heap   total 198656K, used 125244K [0x0000000080000000, 0x0000000100000000)
  region size 1024K, 2 young (2048K), 2 survivors (2048K)
 Metaspace       used 92110K, committed 92800K, reserved 1130496K
  class space    used 12476K, committed 12800K, reserved 1048576K
}
Event: 15.438 GC heap before
{Heap before GC invocations=35 (full 0):
 garbage-first heap   total 198656K, used 125244K [0x0000000080000000, 0x0000000100000000)
  region size 1024K, 3 young (3072K), 2 survivors (2048K)
 Metaspace       used 92130K, committed 92800K, reserved 1130496K
  class space    used 12479K, committed 12800K, reserved 1048576K
}

