# JRE version: OpenJDK Runtime Environment (17.0.6) (build 17.0.6+0-b2043.56-9586694)
# Java VM: OpenJDK 64-Bit Server VM (17.0.6+0-b2043.56-9586694, mixed mode, tiered, compressed oops, compressed class ptrs, g1 gc, windows-amd64)
GC Precious Log:
 CPUs: 8 total, 8 available
 Memory: 15963M
 Large Page Support: Disabled
 NUMA Support: Disabled
 Compressed Oops: Enabled (32-bit)
 Heap Region Size: 1M
 Heap Min Capacity: 8M
 Heap Initial Capacity: 250M
 Heap Max Capacity: 2G
 Pre-touch: Disabled
 Parallel Workers: 8
 Concurrent Workers: 2
 Concurrent Refinement Workers: 8
 Periodic GC: Disabled
Heap:
 garbage-first heap   total 465920K, used 179141K [0x0000000080000000, 0x0000000100000000)
  region size 1024K, 52 young (53248K), 31 survivors (31744K)
 Metaspace       used 120618K, committed 121280K, reserved 1155072K
  class space    used 15765K, committed 16064K, reserved 1048576K
GC Heap History (20 events):
Event: 15.594 GC heap before
{Heap before GC invocations=36 (full 0):
 garbage-first heap   total 155648K, used 122059K [0x0000000080000000, 0x0000000100000000)
  region size 1024K, 45 young (46080K), 7 survivors (7168K)
 Metaspace       used 89378K, committed 89984K, reserved 1130496K
  class space    used 12180K, committed 12480K, reserved 1048576K
}
Event: 15.605 GC heap after
{Heap after GC invocations=37 (full 0):
 garbage-first heap   total 200704K, used 88058K [0x0000000080000000, 0x0000000100000000)
  region size 1024K, 4 young (4096K), 4 survivors (4096K)
 Metaspace       used 89378K, committed 89984K, reserved 1130496K
  class space    used 12180K, committed 12480K, reserved 1048576K
}
Event: 16.197 GC heap before
{Heap before GC invocations=38 (full 0):
 garbage-first heap   total 200704K, used 156666K [0x0000000080000000, 0x0000000100000000)
  region size 1024K, 71 young (72704K), 4 survivors (4096K)
 Metaspace       used 90049K, committed 90688K, reserved 1130496K
  class space    used 12269K, committed 12544K, reserved 1048576K
}
Event: 16.205 GC heap after
{Heap after GC invocations=39 (full 0):
 garbage-first heap   total 200704K, used 93017K [0x0000000080000000, 0x0000000100000000)
  region size 1024K, 8 young (8192K), 8 survivors (8192K)
 Metaspace       used 90049K, committed 90688K, reserved 1130496K
  class space    used 12269K, committed 12544K, reserved 1048576K
}
Event: 16.218 GC heap before
{Heap before GC invocations=39 (full 0):
 garbage-first heap   total 200704K, used 94041K [0x0000000080000000, 0x0000000100000000)
  region size 1024K, 9 young (9216K), 8 survivors (8192K)
 Metaspace       used 90066K, committed 90688K, reserved 1130496K
  class space    used 12273K, committed 12544K, reserved 1048576K
}
Event: 16.227 GC heap after
{Heap after GC invocations=40 (full 0):
 garbage-first heap   total 200704K, used 92313K [0x0000000080000000, 0x0000000100000000)
  region size 1024K, 2 young (2048K), 2 survivors (2048K)
 Metaspace       used 90066K, committed 90688K, reserved 1130496K
  class space    used 12273K, committed 12544K, reserved 1048576K
}
Event: 17.402 GC heap before
{Heap before GC invocations=40 (full 0):
 garbage-first heap   total 200704K, used 158873K [0x0000000080000000, 0x0000000100000000)
  region size 1024K, 67 young (68608K), 2 survivors (2048K)
 Metaspace       used 92950K, committed 93632K, reserved 1130496K
  class space    used 12584K, committed 12928K, reserved 1048576K
}
Event: 17.411 GC heap after
{Heap after GC invocations=41 (full 0):
 garbage-first heap   total 200704K, used 104894K [0x0000000080000000, 0x0000000100000000)
  region size 1024K, 9 young (9216K), 9 survivors (9216K)
 Metaspace       used 92950K, committed 93632K, reserved 1130496K
  class space    used 12584K, committed 12928K, reserved 1048576K
}
Event: 18.349 GC heap before
{Heap before GC invocations=42 (full 0):
 garbage-first heap   total 200704K, used 166334K [0x0000000080000000, 0x0000000100000000)
  region size 1024K, 60 young (61440K), 9 survivors (9216K)
 Metaspace       used 93577K, committed 94272K, reserved 1138688K
  class space    used 12641K, committed 12992K, reserved 1048576K
}
Event: 18.370 GC heap after
{Heap after GC invocations=43 (full 0):
 garbage-first heap   total 200704K, used 120547K [0x0000000080000000, 0x0000000100000000)
  region size 1024K, 8 young (8192K), 8 survivors (8192K)
 Metaspace       used 93577K, committed 94272K, reserved 1138688K
  class space    used 12641K, committed 12992K, reserved 1048576K
}
Event: 18.389 GC heap before
{Heap before GC invocations=43 (full 0):
 garbage-first heap   total 200704K, used 121571K [0x0000000080000000, 0x0000000100000000)
  region size 1024K, 9 young (9216K), 8 survivors (8192K)
 Metaspace       used 93578K, committed 94272K, reserved 1138688K
  class space    used 12641K, committed 12992K, reserved 1048576K
}
Event: 18.397 GC heap after
{Heap after GC invocations=44 (full 0):
 garbage-first heap   total 200704K, used 123072K [0x0000000080000000, 0x0000000100000000)
  region size 1024K, 2 young (2048K), 2 survivors (2048K)
 Metaspace       used 93578K, committed 94272K, reserved 1138688K
  class space    used 12641K, committed 12992K, reserved 1048576K
}
Event: 19.106 GC heap before
{Heap before GC invocations=44 (full 0):
 garbage-first heap   total 200704K, used 159936K [0x0000000080000000, 0x0000000100000000)
  region size 1024K, 38 young (38912K), 2 survivors (2048K)
 Metaspace       used 96331K, committed 97024K, reserved 1138688K
  class space    used 12980K, committed 13312K, reserved 1048576K
}
Event: 19.117 GC heap after
{Heap after GC invocations=45 (full 0):
 garbage-first heap   total 465920K, used 125899K [0x0000000080000000, 0x0000000100000000)
  region size 1024K, 4 young (4096K), 4 survivors (4096K)
 Metaspace       used 96331K, committed 97024K, reserved 1138688K
  class space    used 12980K, committed 13312K, reserved 1048576K
}
Event: 20.954 GC heap before
{Heap before GC invocations=45 (full 0):
 garbage-first heap   total 465920K, used 328651K [0x0000000080000000, 0x0000000100000000)
  region size 1024K, 186 young (190464K), 4 survivors (4096K)
 Metaspace       used 101069K, committed 101696K, reserved 1138688K
  class space    used 13354K, committed 13632K, reserved 1048576K
}
Event: 20.969 GC heap after
{Heap after GC invocations=46 (full 0):
 garbage-first heap   total 465920K, used 133885K [0x0000000080000000, 0x0000000100000000)
  region size 1024K, 12 young (12288K), 12 survivors (12288K)
 Metaspace       used 101069K, committed 101696K, reserved 1138688K
  class space    used 13354K, committed 13632K, reserved 1048576K
}
Event: 23.417 GC heap before
{Heap before GC invocations=46 (full 0):
 garbage-first heap   total 465920K, used 371453K [0x0000000080000000, 0x0000000100000000)
  region size 1024K, 240 young (245760K), 12 survivors (12288K)
 Metaspace       used 109838K, committed 110656K, reserved 1146880K
  class space    used 14389K, committed 14784K, reserved 1048576K
}
Event: 23.434 GC heap after
{Heap after GC invocations=47 (full 0):
 garbage-first heap   total 465920K, used 138465K [0x0000000080000000, 0x0000000100000000)
  region size 1024K, 17 young (17408K), 17 survivors (17408K)
 Metaspace       used 109838K, committed 110656K, reserved 1146880K
  class space    used 14389K, committed 14784K, reserved 1048576K
}
Event: 28.011 GC heap before
{Heap before GC invocations=47 (full 0):
 garbage-first heap   total 465920K, used 369889K [0x0000000080000000, 0x0000000100000000)
  region size 1024K, 242 young (247808K), 17 survivors (17408K)
 Metaspace       used 119639K, committed 120384K, reserved 1155072K
  class space    used 15604K, committed 15936K, reserved 1048576K
}
Event: 28.037 GC heap after
{Heap after GC invocations=48 (full 0):
 garbage-first heap   total 465920K, used 158661K [0x0000000080000000, 0x0000000100000000)
  region size 1024K, 31 young (31744K), 31 survivors (31744K)
 Metaspace       used 119639K, committed 120384K, reserved 1155072K
  class space    used 15604K, committed 15936K, reserved 1048576K
}

