# JRE version: OpenJDK Runtime Environment (17.0.6) (build 17.0.6+0-b2043.56-9586694)
# Java VM: OpenJDK 64-Bit Server VM (17.0.6+0-b2043.56-9586694, mixed mode, tiered, compressed oops, compressed class ptrs, g1 gc, windows-amd64)
GC Precious Log:
 CPUs: 8 total, 8 available
 Memory: 15963M
 Large Page Support: Disabled
 NUMA Support: Disabled
 Compressed Oops: Enabled (32-bit)
 Heap Region Size: 1M
 Heap Min Capacity: 8M
 Heap Initial Capacity: 250M
 Heap Max Capacity: 2G
 Pre-touch: Disabled
 Parallel Workers: 8
 Concurrent Workers: 2
 Concurrent Refinement Workers: 8
 Periodic GC: Disabled
Heap:
 garbage-first heap   total 119808K, used 65286K [0x0000000080000000, 0x0000000100000000)
  region size 1024K, 10 young (10240K), 4 survivors (4096K)
 Metaspace       used 68474K, committed 68992K, reserved 1114112K
  class space    used 9000K, committed 9216K, reserved 1048576K
GC Heap History (20 events):
Event: 5.566 GC heap before
{Heap before GC invocations=11 (full 0):
 garbage-first heap   total 65536K, used 51731K [0x0000000080000000, 0x0000000100000000)
  region size 1024K, 26 young (26624K), 4 survivors (4096K)
 Metaspace       used 41866K, committed 42176K, reserved 1089536K
  class space    used 5475K, committed 5632K, reserved 1048576K
}
Event: 5.573 GC heap after
{Heap after GC invocations=12 (full 0):
 garbage-first heap   total 114688K, used 28622K [0x0000000080000000, 0x0000000100000000)
  region size 1024K, 3 young (3072K), 3 survivors (3072K)
 Metaspace       used 41866K, committed 42176K, reserved 1089536K
  class space    used 5475K, committed 5632K, reserved 1048576K
}
Event: 6.477 GC heap before
{Heap before GC invocations=12 (full 0):
 garbage-first heap   total 114688K, used 80846K [0x0000000080000000, 0x0000000100000000)
  region size 1024K, 53 young (54272K), 3 survivors (3072K)
 Metaspace       used 47159K, committed 47552K, reserved 1097728K
  class space    used 6213K, committed 6400K, reserved 1048576K
}
Event: 6.484 GC heap after
{Heap after GC invocations=13 (full 0):
 garbage-first heap   total 114688K, used 32195K [0x0000000080000000, 0x0000000100000000)
  region size 1024K, 7 young (7168K), 7 survivors (7168K)
 Metaspace       used 47159K, committed 47552K, reserved 1097728K
  class space    used 6213K, committed 6400K, reserved 1048576K
}
Event: 7.472 GC heap before
{Heap before GC invocations=13 (full 0):
 garbage-first heap   total 114688K, used 81347K [0x0000000080000000, 0x0000000100000000)
  region size 1024K, 56 young (57344K), 7 survivors (7168K)
 Metaspace       used 50768K, committed 51136K, reserved 1097728K
  class space    used 6705K, committed 6848K, reserved 1048576K
}
Event: 7.480 GC heap after
{Heap after GC invocations=14 (full 0):
 garbage-first heap   total 114688K, used 34986K [0x0000000080000000, 0x0000000100000000)
  region size 1024K, 3 young (3072K), 3 survivors (3072K)
 Metaspace       used 50768K, committed 51136K, reserved 1097728K
  class space    used 6705K, committed 6848K, reserved 1048576K
}
Event: 8.598 GC heap before
{Heap before GC invocations=14 (full 0):
 garbage-first heap   total 114688K, used 93354K [0x0000000080000000, 0x0000000100000000)
  region size 1024K, 52 young (53248K), 3 survivors (3072K)
 Metaspace       used 54893K, committed 55424K, reserved 1097728K
  class space    used 7262K, committed 7488K, reserved 1048576K
}
Event: 8.608 GC heap after
{Heap after GC invocations=15 (full 0):
 garbage-first heap   total 114688K, used 51171K [0x0000000080000000, 0x0000000100000000)
  region size 1024K, 7 young (7168K), 7 survivors (7168K)
 Metaspace       used 54893K, committed 55424K, reserved 1097728K
  class space    used 7262K, committed 7488K, reserved 1048576K
}
Event: 9.807 GC heap before
{Heap before GC invocations=15 (full 0):
 garbage-first heap   total 114688K, used 78819K [0x0000000080000000, 0x0000000100000000)
  region size 1024K, 35 young (35840K), 7 survivors (7168K)
 Metaspace       used 60052K, committed 60480K, reserved 1105920K
  class space    used 7927K, committed 8128K, reserved 1048576K
}
Event: 9.815 GC heap after
{Heap after GC invocations=16 (full 0):
 garbage-first heap   total 114688K, used 52667K [0x0000000080000000, 0x0000000100000000)
  region size 1024K, 2 young (2048K), 2 survivors (2048K)
 Metaspace       used 60052K, committed 60480K, reserved 1105920K
  class space    used 7927K, committed 8128K, reserved 1048576K
}
Event: 10.140 GC heap before
{Heap before GC invocations=17 (full 0):
 garbage-first heap   total 114688K, used 57787K [0x0000000080000000, 0x0000000100000000)
  region size 1024K, 8 young (8192K), 2 survivors (2048K)
 Metaspace       used 61488K, committed 62016K, reserved 1105920K
  class space    used 8088K, committed 8320K, reserved 1048576K
}
Event: 10.144 GC heap after
{Heap after GC invocations=18 (full 0):
 garbage-first heap   total 114688K, used 53762K [0x0000000080000000, 0x0000000100000000)
  region size 1024K, 3 young (3072K), 3 survivors (3072K)
 Metaspace       used 61488K, committed 62016K, reserved 1105920K
  class space    used 8088K, committed 8320K, reserved 1048576K
}
Event: 10.162 GC heap before
{Heap before GC invocations=18 (full 0):
 garbage-first heap   total 114688K, used 57858K [0x0000000080000000, 0x0000000100000000)
  region size 1024K, 7 young (7168K), 3 survivors (3072K)
 Metaspace       used 61488K, committed 62016K, reserved 1105920K
  class space    used 8088K, committed 8320K, reserved 1048576K
}
Event: 10.168 GC heap after
{Heap after GC invocations=19 (full 0):
 garbage-first heap   total 114688K, used 56469K [0x0000000080000000, 0x0000000100000000)
  region size 1024K, 5 young (5120K), 5 survivors (5120K)
 Metaspace       used 61488K, committed 62016K, reserved 1105920K
  class space    used 8088K, committed 8320K, reserved 1048576K
}
Event: 10.924 GC heap before
{Heap before GC invocations=20 (full 0):
 garbage-first heap   total 119808K, used 86165K [0x0000000080000000, 0x0000000100000000)
  region size 1024K, 29 young (29696K), 5 survivors (5120K)
 Metaspace       used 63265K, committed 63744K, reserved 1105920K
  class space    used 8335K, committed 8512K, reserved 1048576K
}
Event: 10.933 GC heap after
{Heap after GC invocations=21 (full 0):
 garbage-first heap   total 119808K, used 56855K [0x0000000080000000, 0x0000000100000000)
  region size 1024K, 3 young (3072K), 3 survivors (3072K)
 Metaspace       used 63265K, committed 63744K, reserved 1105920K
  class space    used 8335K, committed 8512K, reserved 1048576K
}
Event: 11.646 GC heap before
{Heap before GC invocations=21 (full 0):
 garbage-first heap   total 119808K, used 80407K [0x0000000080000000, 0x0000000100000000)
  region size 1024K, 27 young (27648K), 3 survivors (3072K)
 Metaspace       used 65145K, committed 65664K, reserved 1114112K
  class space    used 8550K, committed 8768K, reserved 1048576K
}
Event: 11.653 GC heap after
{Heap after GC invocations=22 (full 0):
 garbage-first heap   total 119808K, used 58693K [0x0000000080000000, 0x0000000100000000)
  region size 1024K, 4 young (4096K), 4 survivors (4096K)
 Metaspace       used 65145K, committed 65664K, reserved 1114112K
  class space    used 8550K, committed 8768K, reserved 1048576K
}
Event: 12.763 GC heap before
{Heap before GC invocations=23 (full 0):
 garbage-first heap   total 119808K, used 89413K [0x0000000080000000, 0x0000000100000000)
  region size 1024K, 33 young (33792K), 4 survivors (4096K)
 Metaspace       used 68367K, committed 68864K, reserved 1114112K
  class space    used 8984K, committed 9216K, reserved 1048576K
}
Event: 12.772 GC heap after
{Heap after GC invocations=24 (full 0):
 garbage-first heap   total 119808K, used 60166K [0x0000000080000000, 0x0000000100000000)
  region size 1024K, 4 young (4096K), 4 survivors (4096K)
 Metaspace       used 68367K, committed 68864K, reserved 1114112K
  class space    used 8984K, committed 9216K, reserved 1048576K
}

