# JRE version: OpenJDK Runtime Environment (17.0.6) (build 17.0.6+0-b2043.56-9586694)
# Java VM: OpenJDK 64-Bit Server VM (17.0.6+0-b2043.56-9586694, mixed mode, tiered, compressed oops, compressed class ptrs, g1 gc, windows-amd64)
GC Precious Log:
 CPUs: 8 total, 8 available
 Memory: 15963M
 Large Page Support: Disabled
 NUMA Support: Disabled
 Compressed Oops: Enabled (32-bit)
 Heap Region Size: 1M
 Heap Min Capacity: 8M
 Heap Initial Capacity: 250M
 Heap Max Capacity: 2G
 Pre-touch: Disabled
 Parallel Workers: 8
 Concurrent Workers: 2
 Concurrent Refinement Workers: 8
 Periodic GC: Disabled
Heap:
 garbage-first heap   total 336896K, used 177845K [0x0000000080000000, 0x0000000100000000)
  region size 1024K, 2 young (2048K), 2 survivors (2048K)
 Metaspace       used 120985K, committed 121728K, reserved 1155072K
  class space    used 16346K, committed 16704K, reserved 1048576K
GC Heap History (20 events):
Event: 13.606 GC heap after
{Heap after GC invocations=46 (full 0):
 garbage-first heap   total 325632K, used 86762K [0x0000000080000000, 0x0000000100000000)
  region size 1024K, 1 young (1024K), 1 survivors (1024K)
 Metaspace       used 87243K, committed 87872K, reserved 1130496K
  class space    used 11961K, committed 12224K, reserved 1048576K
}
Event: 15.646 GC heap before
{Heap before GC invocations=46 (full 0):
 garbage-first heap   total 325632K, used 239338K [0x0000000080000000, 0x0000000100000000)
  region size 1024K, 147 young (150528K), 1 survivors (1024K)
 Metaspace       used 91532K, committed 92160K, reserved 1130496K
  class space    used 12406K, committed 12672K, reserved 1048576K
}
Event: 15.665 GC heap after
{Heap after GC invocations=47 (full 0):
 garbage-first heap   total 325632K, used 110528K [0x0000000080000000, 0x0000000100000000)
  region size 1024K, 19 young (19456K), 19 survivors (19456K)
 Metaspace       used 91532K, committed 92160K, reserved 1130496K
  class space    used 12406K, committed 12672K, reserved 1048576K
}
Event: 18.501 GC heap before
{Heap before GC invocations=47 (full 0):
 garbage-first heap   total 325632K, used 267200K [0x0000000080000000, 0x0000000100000000)
  region size 1024K, 148 young (151552K), 19 survivors (19456K)
 Metaspace       used 95680K, committed 96448K, reserved 1138688K
  class space    used 12873K, committed 13248K, reserved 1048576K
}
Event: 18.523 GC heap after
{Heap after GC invocations=48 (full 0):
 garbage-first heap   total 325632K, used 128995K [0x0000000080000000, 0x0000000100000000)
  region size 1024K, 18 young (18432K), 18 survivors (18432K)
 Metaspace       used 95680K, committed 96448K, reserved 1138688K
  class space    used 12873K, committed 13248K, reserved 1048576K
}
Event: 19.319 GC heap before
{Heap before GC invocations=48 (full 0):
 garbage-first heap   total 325632K, used 245731K [0x0000000080000000, 0x0000000100000000)
  region size 1024K, 133 young (136192K), 18 survivors (18432K)
 Metaspace       used 99980K, committed 100672K, reserved 1138688K
  class space    used 13249K, committed 13568K, reserved 1048576K
}
Event: 19.335 GC heap after
{Heap after GC invocations=49 (full 0):
 garbage-first heap   total 325632K, used 136341K [0x0000000080000000, 0x0000000100000000)
  region size 1024K, 9 young (9216K), 9 survivors (9216K)
 Metaspace       used 99980K, committed 100672K, reserved 1138688K
  class space    used 13249K, committed 13568K, reserved 1048576K
}
Event: 20.522 GC heap before
{Heap before GC invocations=49 (full 0):
 garbage-first heap   total 325632K, used 258197K [0x0000000080000000, 0x0000000100000000)
  region size 1024K, 124 young (126976K), 9 survivors (9216K)
 Metaspace       used 103045K, committed 103744K, reserved 1146880K
  class space    used 13525K, committed 13824K, reserved 1048576K
}
Event: 20.529 GC heap after
{Heap after GC invocations=50 (full 0):
 garbage-first heap   total 325632K, used 133462K [0x0000000080000000, 0x0000000100000000)
  region size 1024K, 5 young (5120K), 5 survivors (5120K)
 Metaspace       used 103045K, committed 103744K, reserved 1146880K
  class space    used 13525K, committed 13824K, reserved 1048576K
}
Event: 22.142 GC heap before
{Heap before GC invocations=50 (full 0):
 garbage-first heap   total 325632K, used 258390K [0x0000000080000000, 0x0000000100000000)
  region size 1024K, 128 young (131072K), 5 survivors (5120K)
 Metaspace       used 108935K, committed 109568K, reserved 1146880K
  class space    used 14286K, committed 14592K, reserved 1048576K
}
Event: 22.155 GC heap after
{Heap after GC invocations=51 (full 0):
 garbage-first heap   total 325632K, used 140779K [0x0000000080000000, 0x0000000100000000)
  region size 1024K, 14 young (14336K), 14 survivors (14336K)
 Metaspace       used 108935K, committed 109568K, reserved 1146880K
  class space    used 14286K, committed 14592K, reserved 1048576K
}
Event: 22.789 GC heap before
{Heap before GC invocations=51 (full 0):
 garbage-first heap   total 325632K, used 262635K [0x0000000080000000, 0x0000000100000000)
  region size 1024K, 132 young (135168K), 14 survivors (14336K)
 Metaspace       used 110651K, committed 111360K, reserved 1146880K
  class space    used 14538K, committed 14848K, reserved 1048576K
}
Event: 22.806 GC heap after
{Heap after GC invocations=52 (full 0):
 garbage-first heap   total 325632K, used 155065K [0x0000000080000000, 0x0000000100000000)
  region size 1024K, 17 young (17408K), 17 survivors (17408K)
 Metaspace       used 110651K, committed 111360K, reserved 1146880K
  class space    used 14538K, committed 14848K, reserved 1048576K
}
Event: 23.592 GC heap before
{Heap before GC invocations=52 (full 0):
 garbage-first heap   total 325632K, used 260537K [0x0000000080000000, 0x0000000100000000)
  region size 1024K, 121 young (123904K), 17 survivors (17408K)
 Metaspace       used 116459K, committed 117120K, reserved 1155072K
  class space    used 15495K, committed 15808K, reserved 1048576K
}
Event: 23.624 GC heap after
{Heap after GC invocations=53 (full 0):
 garbage-first heap   total 325632K, used 169611K [0x0000000080000000, 0x0000000100000000)
  region size 1024K, 16 young (16384K), 16 survivors (16384K)
 Metaspace       used 116459K, committed 117120K, reserved 1155072K
  class space    used 15495K, committed 15808K, reserved 1048576K
}
Event: 24.024 GC heap before
{Heap before GC invocations=53 (full 0):
 garbage-first heap   total 325632K, used 258699K [0x0000000080000000, 0x0000000100000000)
  region size 1024K, 104 young (106496K), 16 survivors (16384K)
 Metaspace       used 118314K, committed 118976K, reserved 1155072K
  class space    used 15802K, committed 16128K, reserved 1048576K
}
Event: 24.050 GC heap after
{Heap after GC invocations=54 (full 0):
 garbage-first heap   total 325632K, used 184597K [0x0000000080000000, 0x0000000100000000)
  region size 1024K, 13 young (13312K), 13 survivors (13312K)
 Metaspace       used 118314K, committed 118976K, reserved 1155072K
  class space    used 15802K, committed 16128K, reserved 1048576K
}
Event: 24.529 GC heap before
{Heap before GC invocations=55 (full 0):
 garbage-first heap   total 336896K, used 249109K [0x0000000080000000, 0x0000000100000000)
  region size 1024K, 87 young (89088K), 13 survivors (13312K)
 Metaspace       used 120808K, committed 121536K, reserved 1155072K
  class space    used 16291K, committed 16640K, reserved 1048576K
}
Event: 24.556 GC heap after
{Heap after GC invocations=56 (full 0):
 garbage-first heap   total 336896K, used 186740K [0x0000000080000000, 0x0000000100000000)
  region size 1024K, 11 young (11264K), 11 survivors (11264K)
 Metaspace       used 120808K, committed 121536K, reserved 1155072K
  class space    used 16291K, committed 16640K, reserved 1048576K
}
Event: 24.580 GC heap before
{Heap before GC invocations=56 (full 0):
 garbage-first heap   total 336896K, used 191860K [0x0000000080000000, 0x0000000100000000)
  region size 1024K, 16 young (16384K), 11 survivors (11264K)
 Metaspace       used 120985K, committed 121728K, reserved 1155072K
  class space    used 16346K, committed 16704K, reserved 1048576K
}

