# JRE version: OpenJDK Runtime Environment (17.0.6) (build 17.0.6+0-b2043.56-9586694)
# Java VM: OpenJDK 64-Bit Server VM (17.0.6+0-b2043.56-9586694, mixed mode, tiered, compressed oops, compressed class ptrs, g1 gc, windows-amd64)
GC Precious Log:
 CPUs: 8 total, 8 available
 Memory: 15963M
 Large Page Support: Disabled
 NUMA Support: Disabled
 Compressed Oops: Enabled (32-bit)
 Heap Region Size: 1M
 Heap Min Capacity: 8M
 Heap Initial Capacity: 250M
 Heap Max Capacity: 2G
 Pre-touch: Disabled
 Parallel Workers: 8
 Concurrent Workers: 2
 Concurrent Refinement Workers: 8
 Periodic GC: Disabled
Heap:
 garbage-first heap   total 222208K, used 149077K [0x0000000080000000, 0x0000000100000000)
  region size 1024K, 54 young (55296K), 11 survivors (11264K)
 Metaspace       used 97325K, committed 97920K, reserved 1138688K
  class space    used 13270K, committed 13568K, reserved 1048576K
GC Heap History (20 events):
Event: 11.446 GC heap before
{Heap before GC invocations=26 (full 0):
 garbage-first heap   total 144384K, used 114876K [0x0000000080000000, 0x0000000100000000)
  region size 1024K, 52 young (53248K), 5 survivors (5120K)
 Metaspace       used 80171K, committed 80704K, reserved 1122304K
  class space    used 10921K, committed 11136K, reserved 1048576K
}
Event: 11.455 GC heap after
{Heap after GC invocations=27 (full 0):
 garbage-first heap   total 144384K, used 69978K [0x0000000080000000, 0x0000000100000000)
  region size 1024K, 6 young (6144K), 6 survivors (6144K)
 Metaspace       used 80171K, committed 80704K, reserved 1122304K
  class space    used 10921K, committed 11136K, reserved 1048576K
}
Event: 12.147 GC heap before
{Heap before GC invocations=27 (full 0):
 garbage-first heap   total 144384K, used 116058K [0x0000000080000000, 0x0000000100000000)
  region size 1024K, 51 young (52224K), 6 survivors (6144K)
 Metaspace       used 84403K, committed 84992K, reserved 1122304K
  class space    used 11455K, committed 11712K, reserved 1048576K
}
Event: 12.156 GC heap after
{Heap after GC invocations=28 (full 0):
 garbage-first heap   total 144384K, used 73922K [0x0000000080000000, 0x0000000100000000)
  region size 1024K, 7 young (7168K), 7 survivors (7168K)
 Metaspace       used 84403K, committed 84992K, reserved 1122304K
  class space    used 11455K, committed 11712K, reserved 1048576K
}
Event: 12.509 GC heap before
{Heap before GC invocations=29 (full 0):
 garbage-first heap   total 144384K, used 116930K [0x0000000080000000, 0x0000000100000000)
  region size 1024K, 49 young (50176K), 7 survivors (7168K)
 Metaspace       used 85142K, committed 85760K, reserved 1130496K
  class space    used 11556K, committed 11840K, reserved 1048576K
}
Event: 12.521 GC heap after
{Heap after GC invocations=30 (full 0):
 garbage-first heap   total 144384K, used 81042K [0x0000000080000000, 0x0000000100000000)
  region size 1024K, 7 young (7168K), 7 survivors (7168K)
 Metaspace       used 85142K, committed 85760K, reserved 1130496K
  class space    used 11556K, committed 11840K, reserved 1048576K
}
Event: 13.063 GC heap before
{Heap before GC invocations=30 (full 0):
 garbage-first heap   total 144384K, used 116882K [0x0000000080000000, 0x0000000100000000)
  region size 1024K, 42 young (43008K), 7 survivors (7168K)
 Metaspace       used 86928K, committed 87552K, reserved 1130496K
  class space    used 11882K, committed 12160K, reserved 1048576K
}
Event: 13.074 GC heap after
{Heap after GC invocations=31 (full 0):
 garbage-first heap   total 144384K, used 85953K [0x0000000080000000, 0x0000000100000000)
  region size 1024K, 5 young (5120K), 5 survivors (5120K)
 Metaspace       used 86928K, committed 87552K, reserved 1130496K
  class space    used 11882K, committed 12160K, reserved 1048576K
}
Event: 13.365 GC heap before
{Heap before GC invocations=32 (full 0):
 garbage-first heap   total 160768K, used 115649K [0x0000000080000000, 0x0000000100000000)
  region size 1024K, 35 young (35840K), 5 survivors (5120K)
 Metaspace       used 87589K, committed 88320K, reserved 1130496K
  class space    used 12007K, committed 12352K, reserved 1048576K
}
Event: 13.371 GC heap after
{Heap after GC invocations=33 (full 0):
 garbage-first heap   total 160768K, used 88684K [0x0000000080000000, 0x0000000100000000)
  region size 1024K, 3 young (3072K), 3 survivors (3072K)
 Metaspace       used 87589K, committed 88320K, reserved 1130496K
  class space    used 12007K, committed 12352K, reserved 1048576K
}
Event: 13.577 GC heap before
{Heap before GC invocations=33 (full 0):
 garbage-first heap   total 160768K, used 126572K [0x0000000080000000, 0x0000000100000000)
  region size 1024K, 41 young (41984K), 3 survivors (3072K)
 Metaspace       used 87744K, committed 88384K, reserved 1130496K
  class space    used 12010K, committed 12352K, reserved 1048576K
}
Event: 13.582 GC heap after
{Heap after GC invocations=34 (full 0):
 garbage-first heap   total 160768K, used 90735K [0x0000000080000000, 0x0000000100000000)
  region size 1024K, 5 young (5120K), 5 survivors (5120K)
 Metaspace       used 87744K, committed 88384K, reserved 1130496K
  class space    used 12010K, committed 12352K, reserved 1048576K
}
Event: 13.928 GC heap before
{Heap before GC invocations=35 (full 0):
 garbage-first heap   total 173056K, used 131695K [0x0000000080000000, 0x0000000100000000)
  region size 1024K, 45 young (46080K), 5 survivors (5120K)
 Metaspace       used 88124K, committed 88768K, reserved 1130496K
  class space    used 12045K, committed 12352K, reserved 1048576K
}
Event: 13.936 GC heap after
{Heap after GC invocations=36 (full 0):
 garbage-first heap   total 173056K, used 93929K [0x0000000080000000, 0x0000000100000000)
  region size 1024K, 6 young (6144K), 6 survivors (6144K)
 Metaspace       used 88124K, committed 88768K, reserved 1130496K
  class space    used 12045K, committed 12352K, reserved 1048576K
}
Event: 13.944 GC heap before
{Heap before GC invocations=36 (full 0):
 garbage-first heap   total 173056K, used 95977K [0x0000000080000000, 0x0000000100000000)
  region size 1024K, 8 young (8192K), 6 survivors (6144K)
 Metaspace       used 88131K, committed 88768K, reserved 1130496K
  class space    used 12045K, committed 12352K, reserved 1048576K
}
Event: 13.950 GC heap after
{Heap after GC invocations=37 (full 0):
 garbage-first heap   total 222208K, used 94013K [0x0000000080000000, 0x0000000100000000)
  region size 1024K, 1 young (1024K), 1 survivors (1024K)
 Metaspace       used 88131K, committed 88768K, reserved 1130496K
  class space    used 12045K, committed 12352K, reserved 1048576K
}
Event: 14.834 GC heap before
{Heap before GC invocations=37 (full 0):
 garbage-first heap   total 222208K, used 172861K [0x0000000080000000, 0x0000000100000000)
  region size 1024K, 78 young (79872K), 1 survivors (1024K)
 Metaspace       used 92944K, committed 93632K, reserved 1130496K
  class space    used 12638K, committed 12992K, reserved 1048576K
}
Event: 14.841 GC heap after
{Heap after GC invocations=38 (full 0):
 garbage-first heap   total 222208K, used 98338K [0x0000000080000000, 0x0000000100000000)
  region size 1024K, 6 young (6144K), 6 survivors (6144K)
 Metaspace       used 92944K, committed 93632K, reserved 1130496K
  class space    used 12638K, committed 12992K, reserved 1048576K
}
Event: 15.286 GC heap before
{Heap before GC invocations=38 (full 0):
 garbage-first heap   total 222208K, used 176162K [0x0000000080000000, 0x0000000100000000)
  region size 1024K, 83 young (84992K), 6 survivors (6144K)
 Metaspace       used 95691K, committed 96320K, reserved 1138688K
  class space    used 13020K, committed 13312K, reserved 1048576K
}
Event: 15.295 GC heap after
{Heap after GC invocations=39 (full 0):
 garbage-first heap   total 222208K, used 107093K [0x0000000080000000, 0x0000000100000000)
  region size 1024K, 11 young (11264K), 11 survivors (11264K)
 Metaspace       used 95691K, committed 96320K, reserved 1138688K
  class space    used 13020K, committed 13312K, reserved 1048576K
}

