# JRE version: OpenJDK Runtime Environment (17.0.6) (build 17.0.6+0-b2043.56-9586694)
# Java VM: OpenJDK 64-Bit Server VM (17.0.6+0-b2043.56-9586694, mixed mode, tiered, compressed oops, compressed class ptrs, g1 gc, windows-amd64)
GC Precious Log:
 CPUs: 8 total, 8 available
 Memory: 15963M
 Large Page Support: Disabled
 NUMA Support: Disabled
 Compressed Oops: Enabled (32-bit)
 Heap Region Size: 1M
 Heap Min Capacity: 8M
 Heap Initial Capacity: 250M
 Heap Max Capacity: 2G
 Pre-touch: Disabled
 Parallel Workers: 8
 Concurrent Workers: 2
 Concurrent Refinement Workers: 8
 Periodic GC: Disabled
Heap:
 garbage-first heap   total 78848K, used 39933K [0x0000000080000000, 0x0000000100000000)
  region size 1024K, 10 young (10240K), 3 survivors (3072K)
 Metaspace       used 50909K, committed 51328K, reserved 1097728K
  class space    used 6720K, committed 6912K, reserved 1048576K
GC Heap History (20 events):
Event: 3.953 GC heap before
{Heap before GC invocations=4 (full 0):
 garbage-first heap   total 65536K, used 46134K [0x0000000080000000, 0x0000000100000000)
  region size 1024K, 38 young (38912K), 9 survivors (9216K)
 Metaspace       used 25996K, committed 26304K, reserved 1073152K
  class space    used 3428K, committed 3584K, reserved 1048576K
}
Event: 3.965 GC heap after
{Heap after GC invocations=5 (full 0):
 garbage-first heap   total 65536K, used 19235K [0x0000000080000000, 0x0000000100000000)
  region size 1024K, 2 young (2048K), 2 survivors (2048K)
 Metaspace       used 25996K, committed 26304K, reserved 1073152K
  class space    used 3428K, committed 3584K, reserved 1048576K
}
Event: 4.509 GC heap before
{Heap before GC invocations=5 (full 0):
 garbage-first heap   total 65536K, used 44835K [0x0000000080000000, 0x0000000100000000)
  region size 1024K, 28 young (28672K), 2 survivors (2048K)
 Metaspace       used 30124K, committed 30400K, reserved 1081344K
  class space    used 4097K, committed 4224K, reserved 1048576K
}
Event: 4.513 GC heap after
{Heap after GC invocations=6 (full 0):
 garbage-first heap   total 65536K, used 20650K [0x0000000080000000, 0x0000000100000000)
  region size 1024K, 4 young (4096K), 4 survivors (4096K)
 Metaspace       used 30124K, committed 30400K, reserved 1081344K
  class space    used 4097K, committed 4224K, reserved 1048576K
}
Event: 5.058 GC heap before
{Heap before GC invocations=6 (full 0):
 garbage-first heap   total 65536K, used 47274K [0x0000000080000000, 0x0000000100000000)
  region size 1024K, 30 young (30720K), 4 survivors (4096K)
 Metaspace       used 34619K, committed 34944K, reserved 1081344K
  class space    used 4798K, committed 4928K, reserved 1048576K
}
Event: 5.064 GC heap after
{Heap after GC invocations=7 (full 0):
 garbage-first heap   total 65536K, used 22634K [0x0000000080000000, 0x0000000100000000)
  region size 1024K, 4 young (4096K), 4 survivors (4096K)
 Metaspace       used 34619K, committed 34944K, reserved 1081344K
  class space    used 4798K, committed 4928K, reserved 1048576K
}
Event: 5.154 GC heap before
{Heap before GC invocations=7 (full 0):
 garbage-first heap   total 65536K, used 24682K [0x0000000080000000, 0x0000000100000000)
  region size 1024K, 8 young (8192K), 4 survivors (4096K)
 Metaspace       used 35657K, committed 35968K, reserved 1081344K
  class space    used 4859K, committed 4992K, reserved 1048576K
}
Event: 5.159 GC heap after
{Heap after GC invocations=8 (full 0):
 garbage-first heap   total 65536K, used 23024K [0x0000000080000000, 0x0000000100000000)
  region size 1024K, 3 young (3072K), 3 survivors (3072K)
 Metaspace       used 35657K, committed 35968K, reserved 1081344K
  class space    used 4859K, committed 4992K, reserved 1048576K
}
Event: 5.555 GC heap before
{Heap before GC invocations=9 (full 0):
 garbage-first heap   total 65536K, used 44528K [0x0000000080000000, 0x0000000100000000)
  region size 1024K, 25 young (25600K), 3 survivors (3072K)
 Metaspace       used 39724K, committed 40064K, reserved 1089536K
  class space    used 5284K, committed 5440K, reserved 1048576K
}
Event: 5.560 GC heap after
{Heap after GC invocations=10 (full 0):
 garbage-first heap   total 65536K, used 26463K [0x0000000080000000, 0x0000000100000000)
  region size 1024K, 4 young (4096K), 4 survivors (4096K)
 Metaspace       used 39724K, committed 40064K, reserved 1089536K
  class space    used 5284K, committed 5440K, reserved 1048576K
}
Event: 5.867 GC heap before
{Heap before GC invocations=10 (full 0):
 garbage-first heap   total 65536K, used 48991K [0x0000000080000000, 0x0000000100000000)
  region size 1024K, 24 young (24576K), 4 survivors (4096K)
 Metaspace       used 41770K, committed 42112K, reserved 1089536K
  class space    used 5468K, committed 5632K, reserved 1048576K
}
Event: 5.873 GC heap after
{Heap after GC invocations=11 (full 0):
 garbage-first heap   total 78848K, used 27879K [0x0000000080000000, 0x0000000100000000)
  region size 1024K, 3 young (3072K), 3 survivors (3072K)
 Metaspace       used 41770K, committed 42112K, reserved 1089536K
  class space    used 5468K, committed 5632K, reserved 1048576K
}
Event: 6.462 GC heap before
{Heap before GC invocations=11 (full 0):
 garbage-first heap   total 78848K, used 56551K [0x0000000080000000, 0x0000000100000000)
  region size 1024K, 31 young (31744K), 3 survivors (3072K)
 Metaspace       used 44069K, committed 44480K, reserved 1089536K
  class space    used 5837K, committed 6016K, reserved 1048576K
}
Event: 6.468 GC heap after
{Heap after GC invocations=12 (full 0):
 garbage-first heap   total 78848K, used 30777K [0x0000000080000000, 0x0000000100000000)
  region size 1024K, 3 young (3072K), 3 survivors (3072K)
 Metaspace       used 44069K, committed 44480K, reserved 1089536K
  class space    used 5837K, committed 6016K, reserved 1048576K
}
Event: 7.063 GC heap before
{Heap before GC invocations=12 (full 0):
 garbage-first heap   total 78848K, used 58425K [0x0000000080000000, 0x0000000100000000)
  region size 1024K, 30 young (30720K), 3 survivors (3072K)
 Metaspace       used 47079K, committed 47488K, reserved 1097728K
  class space    used 6204K, committed 6400K, reserved 1048576K
}
Event: 7.068 GC heap after
{Heap after GC invocations=13 (full 0):
 garbage-first heap   total 78848K, used 32273K [0x0000000080000000, 0x0000000100000000)
  region size 1024K, 2 young (2048K), 2 survivors (2048K)
 Metaspace       used 47079K, committed 47488K, reserved 1097728K
  class space    used 6204K, committed 6400K, reserved 1048576K
}
Event: 7.713 GC heap before
{Heap before GC invocations=13 (full 0):
 garbage-first heap   total 78848K, used 59921K [0x0000000080000000, 0x0000000100000000)
  region size 1024K, 29 young (29696K), 2 survivors (2048K)
 Metaspace       used 50109K, committed 50560K, reserved 1097728K
  class space    used 6638K, committed 6848K, reserved 1048576K
}
Event: 7.718 GC heap after
{Heap after GC invocations=14 (full 0):
 garbage-first heap   total 78848K, used 34187K [0x0000000080000000, 0x0000000100000000)
  region size 1024K, 4 young (4096K), 4 survivors (4096K)
 Metaspace       used 50109K, committed 50560K, reserved 1097728K
  class space    used 6638K, committed 6848K, reserved 1048576K
}
Event: 8.316 GC heap before
{Heap before GC invocations=14 (full 0):
 garbage-first heap   total 78848K, used 60811K [0x0000000080000000, 0x0000000100000000)
  region size 1024K, 30 young (30720K), 4 survivors (4096K)
 Metaspace       used 50812K, committed 51200K, reserved 1097728K
  class space    used 6708K, committed 6848K, reserved 1048576K
}
Event: 8.321 GC heap after
{Heap after GC invocations=15 (full 0):
 garbage-first heap   total 78848K, used 34813K [0x0000000080000000, 0x0000000100000000)
  region size 1024K, 3 young (3072K), 3 survivors (3072K)
 Metaspace       used 50812K, committed 51200K, reserved 1097728K
  class space    used 6708K, committed 6848K, reserved 1048576K
}

