# JRE version: OpenJDK Runtime Environment (17.0.6) (build 17.0.6+0-b2043.56-9586694)
# Java VM: OpenJDK 64-Bit Server VM (17.0.6+0-b2043.56-9586694, mixed mode, tiered, compressed oops, compressed class ptrs, g1 gc, windows-amd64)
GC Precious Log:
 CPUs: 8 total, 8 available
 Memory: 15963M
 Large Page Support: Disabled
 NUMA Support: Disabled
 Compressed Oops: Enabled (32-bit)
 Heap Region Size: 1M
 Heap Min Capacity: 8M
 Heap Initial Capacity: 250M
 Heap Max Capacity: 2G
 Pre-touch: Disabled
 Parallel Workers: 8
 Concurrent Workers: 2
 Concurrent Refinement Workers: 8
 Periodic GC: Disabled
Heap:
 garbage-first heap   total 204800K, used 124441K [0x0000000080000000, 0x0000000100000000)
  region size 1024K, 1 young (1024K), 1 survivors (1024K)
 Metaspace       used 93482K, committed 94144K, reserved 1138688K
  class space    used 12622K, committed 12928K, reserved 1048576K
GC Heap History (20 events):
Event: 10.102 GC heap after
{Heap after GC invocations=32 (full 0):
 garbage-first heap   total 117760K, used 66309K [0x0000000080000000, 0x0000000100000000)
  region size 1024K, 5 young (5120K), 5 survivors (5120K)
 Metaspace       used 71461K, committed 72000K, reserved 1114112K
  class space    used 9458K, committed 9728K, reserved 1048576K
}
Event: 10.120 GC heap before
{Heap before GC invocations=32 (full 0):
 garbage-first heap   total 117760K, used 67333K [0x0000000080000000, 0x0000000100000000)
  region size 1024K, 6 young (6144K), 5 survivors (5120K)
 Metaspace       used 71592K, committed 72128K, reserved 1114112K
  class space    used 9489K, committed 9728K, reserved 1048576K
}
Event: 10.126 GC heap after
{Heap after GC invocations=33 (full 0):
 garbage-first heap   total 197632K, used 66433K [0x0000000080000000, 0x0000000100000000)
  region size 1024K, 1 young (1024K), 1 survivors (1024K)
 Metaspace       used 71592K, committed 72128K, reserved 1114112K
  class space    used 9489K, committed 9728K, reserved 1048576K
}
Event: 11.379 GC heap before
{Heap before GC invocations=33 (full 0):
 garbage-first heap   total 197632K, used 142209K [0x0000000080000000, 0x0000000100000000)
  region size 1024K, 75 young (76800K), 1 survivors (1024K)
 Metaspace       used 79846K, committed 80448K, reserved 1122304K
  class space    used 10837K, committed 11072K, reserved 1048576K
}
Event: 11.390 GC heap after
{Heap after GC invocations=34 (full 0):
 garbage-first heap   total 197632K, used 70536K [0x0000000080000000, 0x0000000100000000)
  region size 1024K, 5 young (5120K), 5 survivors (5120K)
 Metaspace       used 79846K, committed 80448K, reserved 1122304K
  class space    used 10837K, committed 11072K, reserved 1048576K
}
Event: 12.410 GC heap before
{Heap before GC invocations=34 (full 0):
 garbage-first heap   total 197632K, used 150408K [0x0000000080000000, 0x0000000100000000)
  region size 1024K, 83 young (84992K), 5 survivors (5120K)
 Metaspace       used 85201K, committed 85824K, reserved 1130496K
  class space    used 11549K, committed 11840K, reserved 1048576K
}
Event: 12.423 GC heap after
{Heap after GC invocations=35 (full 0):
 garbage-first heap   total 197632K, used 79199K [0x0000000080000000, 0x0000000100000000)
  region size 1024K, 11 young (11264K), 11 survivors (11264K)
 Metaspace       used 85201K, committed 85824K, reserved 1130496K
  class space    used 11549K, committed 11840K, reserved 1048576K
}
Event: 13.731 GC heap before
{Heap before GC invocations=35 (full 0):
 garbage-first heap   total 197632K, used 150879K [0x0000000080000000, 0x0000000100000000)
  region size 1024K, 82 young (83968K), 11 survivors (11264K)
 Metaspace       used 89557K, committed 90176K, reserved 1130496K
  class space    used 12219K, committed 12480K, reserved 1048576K
}
Event: 13.748 GC heap after
{Heap after GC invocations=36 (full 0):
 garbage-first heap   total 197632K, used 87693K [0x0000000080000000, 0x0000000100000000)
  region size 1024K, 9 young (9216K), 9 survivors (9216K)
 Metaspace       used 89557K, committed 90176K, reserved 1130496K
  class space    used 12219K, committed 12480K, reserved 1048576K
}
Event: 14.236 GC heap before
{Heap before GC invocations=36 (full 0):
 garbage-first heap   total 197632K, used 153229K [0x0000000080000000, 0x0000000100000000)
  region size 1024K, 73 young (74752K), 9 survivors (9216K)
 Metaspace       used 90102K, committed 90816K, reserved 1130496K
  class space    used 12266K, committed 12608K, reserved 1048576K
}
Event: 14.247 GC heap after
{Heap after GC invocations=37 (full 0):
 garbage-first heap   total 197632K, used 92811K [0x0000000080000000, 0x0000000100000000)
  region size 1024K, 5 young (5120K), 5 survivors (5120K)
 Metaspace       used 90102K, committed 90816K, reserved 1130496K
  class space    used 12266K, committed 12608K, reserved 1048576K
}
Event: 15.478 GC heap before
{Heap before GC invocations=37 (full 0):
 garbage-first heap   total 197632K, used 156299K [0x0000000080000000, 0x0000000100000000)
  region size 1024K, 68 young (69632K), 5 survivors (5120K)
 Metaspace       used 92977K, committed 93696K, reserved 1130496K
  class space    used 12576K, committed 12928K, reserved 1048576K
}
Event: 15.490 GC heap after
{Heap after GC invocations=38 (full 0):
 garbage-first heap   total 197632K, used 105224K [0x0000000080000000, 0x0000000100000000)
  region size 1024K, 9 young (9216K), 9 survivors (9216K)
 Metaspace       used 92977K, committed 93696K, reserved 1130496K
  class space    used 12576K, committed 12928K, reserved 1048576K
}
Event: 15.492 GC heap before
{Heap before GC invocations=38 (full 0):
 garbage-first heap   total 197632K, used 105224K [0x0000000080000000, 0x0000000100000000)
  region size 1024K, 10 young (10240K), 9 survivors (9216K)
 Metaspace       used 92977K, committed 93696K, reserved 1130496K
  class space    used 12576K, committed 12928K, reserved 1048576K
}
Event: 15.502 GC heap after
{Heap after GC invocations=39 (full 0):
 garbage-first heap   total 197632K, used 105913K [0x0000000080000000, 0x0000000100000000)
  region size 1024K, 1 young (1024K), 1 survivors (1024K)
 Metaspace       used 92977K, committed 93696K, reserved 1130496K
  class space    used 12576K, committed 12928K, reserved 1048576K
}
Event: 16.360 GC heap before
{Heap before GC invocations=40 (full 0):
 garbage-first heap   total 201728K, used 154041K [0x0000000080000000, 0x0000000100000000)
  region size 1024K, 46 young (47104K), 1 survivors (1024K)
 Metaspace       used 93445K, committed 94080K, reserved 1138688K
  class space    used 12621K, committed 12928K, reserved 1048576K
}
Event: 16.372 GC heap after
{Heap after GC invocations=41 (full 0):
 garbage-first heap   total 201728K, used 122263K [0x0000000080000000, 0x0000000100000000)
  region size 1024K, 6 young (6144K), 6 survivors (6144K)
 Metaspace       used 93445K, committed 94080K, reserved 1138688K
  class space    used 12621K, committed 12928K, reserved 1048576K
}
Event: 16.441 GC heap before
{Heap before GC invocations=41 (full 0):
 garbage-first heap   total 201728K, used 125335K [0x0000000080000000, 0x0000000100000000)
  region size 1024K, 9 young (9216K), 6 survivors (6144K)
 Metaspace       used 93482K, committed 94144K, reserved 1138688K
  class space    used 12622K, committed 12928K, reserved 1048576K
}
Event: 16.448 GC heap after
{Heap after GC invocations=42 (full 0):
 garbage-first heap   total 201728K, used 124485K [0x0000000080000000, 0x0000000100000000)
  region size 1024K, 1 young (1024K), 1 survivors (1024K)
 Metaspace       used 93482K, committed 94144K, reserved 1138688K
  class space    used 12622K, committed 12928K, reserved 1048576K
}
Event: 16.450 GC heap before
{Heap before GC invocations=42 (full 0):
 garbage-first heap   total 201728K, used 124485K [0x0000000080000000, 0x0000000100000000)
  region size 1024K, 2 young (2048K), 1 survivors (1024K)
 Metaspace       used 93482K, committed 94144K, reserved 1138688K
  class space    used 12622K, committed 12928K, reserved 1048576K
}

