# JRE version: OpenJDK Runtime Environment (17.0.6) (build 17.0.6+0-b2043.56-9586694)
# Java VM: OpenJDK 64-Bit Server VM (17.0.6+0-b2043.56-9586694, mixed mode, tiered, compressed oops, compressed class ptrs, g1 gc, windows-amd64)
GC Precious Log:
 CPUs: 8 total, 8 available
 Memory: 15963M
 Large Page Support: Disabled
 NUMA Support: Disabled
 Compressed Oops: Enabled (32-bit)
 Heap Region Size: 1M
 Heap Min Capacity: 8M
 Heap Initial Capacity: 250M
 Heap Max Capacity: 2G
 Pre-touch: Disabled
 Parallel Workers: 8
 Concurrent Workers: 2
 Concurrent Refinement Workers: 8
 Periodic GC: Disabled
Heap:
 garbage-first heap   total 141312K, used 85796K [0x0000000080000000, 0x0000000100000000)
  region size 1024K, 47 young (48128K), 10 survivors (10240K)
 Metaspace       used 58574K, committed 59136K, reserved 1105920K
  class space    used 7730K, committed 8000K, reserved 1048576K
GC Heap History (20 events):
Event: 3.807 GC heap before
{Heap before GC invocations=4 (full 0):
 garbage-first heap   total 65536K, used 46977K [0x0000000080000000, 0x0000000100000000)
  region size 1024K, 38 young (38912K), 9 survivors (9216K)
 Metaspace       used 26170K, committed 26496K, reserved 1073152K
  class space    used 3454K, committed 3584K, reserved 1048576K
}
Event: 3.813 GC heap after
{Heap after GC invocations=5 (full 0):
 garbage-first heap   total 65536K, used 19287K [0x0000000080000000, 0x0000000100000000)
  region size 1024K, 3 young (3072K), 3 survivors (3072K)
 Metaspace       used 26170K, committed 26496K, reserved 1073152K
  class space    used 3454K, committed 3584K, reserved 1048576K
}
Event: 3.829 GC heap before
{Heap before GC invocations=5 (full 0):
 garbage-first heap   total 65536K, used 20311K [0x0000000080000000, 0x0000000100000000)
  region size 1024K, 4 young (4096K), 3 survivors (3072K)
 Metaspace       used 26257K, committed 26560K, reserved 1073152K
  class space    used 3473K, committed 3584K, reserved 1048576K
}
Event: 3.834 GC heap after
{Heap after GC invocations=6 (full 0):
 garbage-first heap   total 65536K, used 19278K [0x0000000080000000, 0x0000000100000000)
  region size 1024K, 1 young (1024K), 1 survivors (1024K)
 Metaspace       used 26257K, committed 26560K, reserved 1073152K
  class space    used 3473K, committed 3584K, reserved 1048576K
}
Event: 4.333 GC heap before
{Heap before GC invocations=6 (full 0):
 garbage-first heap   total 65536K, used 45902K [0x0000000080000000, 0x0000000100000000)
  region size 1024K, 27 young (27648K), 1 survivors (1024K)
 Metaspace       used 30298K, committed 30528K, reserved 1081344K
  class space    used 4129K, committed 4224K, reserved 1048576K
}
Event: 4.336 GC heap after
{Heap after GC invocations=7 (full 0):
 garbage-first heap   total 65536K, used 20544K [0x0000000080000000, 0x0000000100000000)
  region size 1024K, 2 young (2048K), 2 survivors (2048K)
 Metaspace       used 30298K, committed 30528K, reserved 1081344K
  class space    used 4129K, committed 4224K, reserved 1048576K
}
Event: 5.041 GC heap before
{Heap before GC invocations=7 (full 0):
 garbage-first heap   total 65536K, used 48192K [0x0000000080000000, 0x0000000100000000)
  region size 1024K, 29 young (29696K), 2 survivors (2048K)
 Metaspace       used 35400K, committed 35712K, reserved 1081344K
  class space    used 4840K, committed 4992K, reserved 1048576K
}
Event: 5.045 GC heap after
{Heap after GC invocations=8 (full 0):
 garbage-first heap   total 65536K, used 22603K [0x0000000080000000, 0x0000000100000000)
  region size 1024K, 4 young (4096K), 4 survivors (4096K)
 Metaspace       used 35400K, committed 35712K, reserved 1081344K
  class space    used 4840K, committed 4992K, reserved 1048576K
}
Event: 5.126 GC heap before
{Heap before GC invocations=8 (full 0):
 garbage-first heap   total 65536K, used 22603K [0x0000000080000000, 0x0000000100000000)
  region size 1024K, 5 young (5120K), 4 survivors (4096K)
 Metaspace       used 35656K, committed 35968K, reserved 1081344K
  class space    used 4858K, committed 4992K, reserved 1048576K
}
Event: 5.132 GC heap after
{Heap after GC invocations=9 (full 0):
 garbage-first heap   total 65536K, used 22889K [0x0000000080000000, 0x0000000100000000)
  region size 1024K, 1 young (1024K), 1 survivors (1024K)
 Metaspace       used 35656K, committed 35968K, reserved 1081344K
  class space    used 4858K, committed 4992K, reserved 1048576K
}
Event: 5.646 GC heap before
{Heap before GC invocations=10 (full 0):
 garbage-first heap   total 65536K, used 48489K [0x0000000080000000, 0x0000000100000000)
  region size 1024K, 27 young (27648K), 1 survivors (1024K)
 Metaspace       used 39741K, committed 40064K, reserved 1089536K
  class space    used 5283K, committed 5440K, reserved 1048576K
}
Event: 5.651 GC heap after
{Heap after GC invocations=11 (full 0):
 garbage-first heap   total 65536K, used 26565K [0x0000000080000000, 0x0000000100000000)
  region size 1024K, 4 young (4096K), 4 survivors (4096K)
 Metaspace       used 39741K, committed 40064K, reserved 1089536K
  class space    used 5283K, committed 5440K, reserved 1048576K
}
Event: 5.662 GC heap before
{Heap before GC invocations=11 (full 0):
 garbage-first heap   total 65536K, used 27589K [0x0000000080000000, 0x0000000100000000)
  region size 1024K, 5 young (5120K), 4 survivors (4096K)
 Metaspace       used 39757K, committed 40064K, reserved 1089536K
  class space    used 5284K, committed 5440K, reserved 1048576K
}
Event: 5.668 GC heap after
{Heap after GC invocations=12 (full 0):
 garbage-first heap   total 65536K, used 25567K [0x0000000080000000, 0x0000000100000000)
  region size 1024K, 1 young (1024K), 1 survivors (1024K)
 Metaspace       used 39757K, committed 40064K, reserved 1089536K
  class space    used 5284K, committed 5440K, reserved 1048576K
}
Event: 6.079 GC heap before
{Heap before GC invocations=12 (full 0):
 garbage-first heap   total 65536K, used 51167K [0x0000000080000000, 0x0000000100000000)
  region size 1024K, 24 young (24576K), 1 survivors (1024K)
 Metaspace       used 41927K, committed 42304K, reserved 1089536K
  class space    used 5479K, committed 5632K, reserved 1048576K
}
Event: 6.083 GC heap after
{Heap after GC invocations=13 (full 0):
 garbage-first heap   total 141312K, used 27915K [0x0000000080000000, 0x0000000100000000)
  region size 1024K, 3 young (3072K), 3 survivors (3072K)
 Metaspace       used 41927K, committed 42304K, reserved 1089536K
  class space    used 5479K, committed 5632K, reserved 1048576K
}
Event: 7.841 GC heap before
{Heap before GC invocations=13 (full 0):
 garbage-first heap   total 141312K, used 98571K [0x0000000080000000, 0x0000000100000000)
  region size 1024K, 72 young (73728K), 3 survivors (3072K)
 Metaspace       used 49865K, committed 50240K, reserved 1097728K
  class space    used 6622K, committed 6784K, reserved 1048576K
}
Event: 7.851 GC heap after
{Heap after GC invocations=14 (full 0):
 garbage-first heap   total 141312K, used 32155K [0x0000000080000000, 0x0000000100000000)
  region size 1024K, 7 young (7168K), 7 survivors (7168K)
 Metaspace       used 49865K, committed 50240K, reserved 1097728K
  class space    used 6622K, committed 6784K, reserved 1048576K
}
Event: 9.279 GC heap before
{Heap before GC invocations=14 (full 0):
 garbage-first heap   total 141312K, used 109979K [0x0000000080000000, 0x0000000100000000)
  region size 1024K, 75 young (76800K), 7 survivors (7168K)
 Metaspace       used 52719K, committed 53120K, reserved 1097728K
  class space    used 6957K, committed 7168K, reserved 1048576K
}
Event: 9.293 GC heap after
{Heap after GC invocations=15 (full 0):
 garbage-first heap   total 141312K, used 48932K [0x0000000080000000, 0x0000000100000000)
  region size 1024K, 10 young (10240K), 10 survivors (10240K)
 Metaspace       used 52719K, committed 53120K, reserved 1097728K
  class space    used 6957K, committed 7168K, reserved 1048576K
}

