# JRE version: OpenJDK Runtime Environment (17.0.6) (build 17.0.6+0-b2043.56-9586694)
# Java VM: OpenJDK 64-Bit Server VM (17.0.6+0-b2043.56-9586694, mixed mode, tiered, compressed oops, compressed class ptrs, g1 gc, windows-amd64)
GC Precious Log:
 CPUs: 8 total, 8 available
 Memory: 15963M
 Large Page Support: Disabled
 NUMA Support: Disabled
 Compressed Oops: Enabled (32-bit)
 Heap Region Size: 1M
 Heap Min Capacity: 8M
 Heap Initial Capacity: 250M
 Heap Max Capacity: 2G
 Pre-touch: Disabled
 Parallel Workers: 8
 Concurrent Workers: 2
 Concurrent Refinement Workers: 8
 Periodic GC: Disabled
Heap:
 garbage-first heap   total 65536K, used 31921K [0x0000000080000000, 0x0000000100000000)
  region size 1024K, 14 young (14336K), 2 survivors (2048K)
 Metaspace       used 31774K, committed 32000K, reserved 1081344K
  class space    used 4383K, committed 4480K, reserved 1048576K
GC Heap History (12 events):
Event: 1.217 GC heap before
{Heap before GC invocations=0 (full 0):
 garbage-first heap   total 256000K, used 28672K [0x0000000080000000, 0x0000000100000000)
  region size 1024K, 23 young (23552K), 0 survivors (0K)
 Metaspace       used 9976K, committed 10112K, reserved 1064960K
  class space    used 1018K, committed 1088K, reserved 1048576K
}
Event: 1.222 GC heap after
{Heap after GC invocations=1 (full 0):
 garbage-first heap   total 256000K, used 9058K [0x0000000080000000, 0x0000000100000000)
  region size 1024K, 3 young (3072K), 3 survivors (3072K)
 Metaspace       used 9976K, committed 10112K, reserved 1064960K
  class space    used 1018K, committed 1088K, reserved 1048576K
}
Event: 1.847 GC heap before
{Heap before GC invocations=1 (full 0):
 garbage-first heap   total 256000K, used 38754K [0x0000000080000000, 0x0000000100000000)
  region size 1024K, 32 young (32768K), 3 survivors (3072K)
 Metaspace       used 11147K, committed 11328K, reserved 1064960K
  class space    used 1160K, committed 1280K, reserved 1048576K
}
Event: 1.851 GC heap after
{Heap after GC invocations=2 (full 0):
 garbage-first heap   total 256000K, used 9840K [0x0000000080000000, 0x0000000100000000)
  region size 1024K, 1 young (1024K), 1 survivors (1024K)
 Metaspace       used 11147K, committed 11328K, reserved 1064960K
  class space    used 1160K, committed 1280K, reserved 1048576K
}
Event: 3.238 GC heap before
{Heap before GC invocations=2 (full 0):
 garbage-first heap   total 256000K, used 60016K [0x0000000080000000, 0x0000000100000000)
  region size 1024K, 51 young (52224K), 1 survivors (1024K)
 Metaspace       used 21346K, committed 21504K, reserved 1073152K
  class space    used 2619K, committed 2688K, reserved 1048576K
}
Event: 3.245 GC heap after
{Heap after GC invocations=3 (full 0):
 garbage-first heap   total 256000K, used 17326K [0x0000000080000000, 0x0000000100000000)
  region size 1024K, 9 young (9216K), 9 survivors (9216K)
 Metaspace       used 21346K, committed 21504K, reserved 1073152K
  class space    used 2619K, committed 2688K, reserved 1048576K
}
Event: 3.906 GC heap before
{Heap before GC invocations=4 (full 0):
 garbage-first heap   total 65536K, used 45998K [0x0000000080000000, 0x0000000100000000)
  region size 1024K, 38 young (38912K), 9 survivors (9216K)
 Metaspace       used 26091K, committed 26432K, reserved 1073152K
  class space    used 3440K, committed 3584K, reserved 1048576K
}
Event: 3.915 GC heap after
{Heap after GC invocations=5 (full 0):
 garbage-first heap   total 65536K, used 19177K [0x0000000080000000, 0x0000000100000000)
  region size 1024K, 2 young (2048K), 2 survivors (2048K)
 Metaspace       used 26091K, committed 26432K, reserved 1073152K
  class space    used 3440K, committed 3584K, reserved 1048576K
}
Event: 3.936 GC heap before
{Heap before GC invocations=5 (full 0):
 garbage-first heap   total 65536K, used 20201K [0x0000000080000000, 0x0000000100000000)
  region size 1024K, 3 young (3072K), 2 survivors (2048K)
 Metaspace       used 26245K, committed 26496K, reserved 1073152K
  class space    used 3474K, committed 3584K, reserved 1048576K
}
Event: 3.941 GC heap after
{Heap after GC invocations=6 (full 0):
 garbage-first heap   total 65536K, used 19546K [0x0000000080000000, 0x0000000100000000)
  region size 1024K, 1 young (1024K), 1 survivors (1024K)
 Metaspace       used 26245K, committed 26496K, reserved 1073152K
  class space    used 3474K, committed 3584K, reserved 1048576K
}
Event: 4.666 GC heap before
{Heap before GC invocations=6 (full 0):
 garbage-first heap   total 65536K, used 46170K [0x0000000080000000, 0x0000000100000000)
  region size 1024K, 27 young (27648K), 1 survivors (1024K)
 Metaspace       used 30281K, committed 30592K, reserved 1081344K
  class space    used 4125K, committed 4224K, reserved 1048576K
}
Event: 4.669 GC heap after
{Heap after GC invocations=7 (full 0):
 garbage-first heap   total 65536K, used 20657K [0x0000000080000000, 0x0000000100000000)
  region size 1024K, 2 young (2048K), 2 survivors (2048K)
 Metaspace       used 30281K, committed 30592K, reserved 1081344K
  class space    used 4125K, committed 4224K, reserved 1048576K
}

