# JRE version: OpenJDK Runtime Environment (17.0.6) (build 17.0.6+0-b2043.56-9586694)
# Java VM: OpenJDK 64-Bit Server VM (17.0.6+0-b2043.56-9586694, mixed mode, tiered, compressed oops, compressed class ptrs, g1 gc, windows-amd64)
GC Precious Log:
 CPUs: 8 total, 8 available
 Memory: 15963M
 Large Page Support: Disabled
 NUMA Support: Disabled
 Compressed Oops: Enabled (32-bit)
 Heap Region Size: 1M
 Heap Min Capacity: 8M
 Heap Initial Capacity: 250M
 Heap Max Capacity: 2G
 Pre-touch: Disabled
 Parallel Workers: 8
 Concurrent Workers: 2
 Concurrent Refinement Workers: 8
 Periodic GC: Disabled
Heap:
 garbage-first heap   total 225280K, used 168007K [0x0000000080000000, 0x0000000100000000)
  region size 1024K, 41 young (41984K), 4 survivors (4096K)
 Metaspace       used 77272K, committed 77952K, reserved 1122304K
  class space    used 10462K, committed 10816K, reserved 1048576K
GC Heap History (20 events):
Event: 8.758 GC heap before
{Heap before GC invocations=20 (full 0):
 garbage-first heap   total 179200K, used 132998K [0x0000000080000000, 0x0000000100000000)
  region size 1024K, 35 young (35840K), 4 survivors (4096K)
 Metaspace       used 53741K, committed 54336K, reserved 1097728K
  class space    used 7155K, committed 7424K, reserved 1048576K
}
Event: 8.767 GC heap after
{Heap after GC invocations=21 (full 0):
 garbage-first heap   total 179200K, used 103889K [0x0000000080000000, 0x0000000100000000)
  region size 1024K, 2 young (2048K), 2 survivors (2048K)
 Metaspace       used 53741K, committed 54336K, reserved 1097728K
  class space    used 7155K, committed 7424K, reserved 1048576K
}
Event: 8.922 GC heap before
{Heap before GC invocations=22 (full 0):
 garbage-first heap   total 186368K, used 112081K [0x0000000080000000, 0x0000000100000000)
  region size 1024K, 8 young (8192K), 2 survivors (2048K)
 Metaspace       used 53895K, committed 54464K, reserved 1097728K
  class space    used 7173K, committed 7424K, reserved 1048576K
}
Event: 8.927 GC heap after
{Heap after GC invocations=23 (full 0):
 garbage-first heap   total 186368K, used 111191K [0x0000000080000000, 0x0000000100000000)
  region size 1024K, 5 young (5120K), 5 survivors (5120K)
 Metaspace       used 53895K, committed 54464K, reserved 1097728K
  class space    used 7173K, committed 7424K, reserved 1048576K
}
Event: 9.706 GC heap before
{Heap before GC invocations=24 (full 0):
 garbage-first heap   total 198656K, used 140887K [0x0000000080000000, 0x0000000100000000)
  region size 1024K, 30 young (30720K), 5 survivors (5120K)
 Metaspace       used 56862K, committed 57472K, reserved 1105920K
  class space    used 7584K, committed 7872K, reserved 1048576K
}
Event: 9.712 GC heap after
{Heap after GC invocations=25 (full 0):
 garbage-first heap   total 198656K, used 119409K [0x0000000080000000, 0x0000000100000000)
  region size 1024K, 4 young (4096K), 4 survivors (4096K)
 Metaspace       used 56862K, committed 57472K, reserved 1105920K
  class space    used 7584K, committed 7872K, reserved 1048576K
}
Event: 10.842 GC heap before
{Heap before GC invocations=25 (full 0):
 garbage-first heap   total 198656K, used 147057K [0x0000000080000000, 0x0000000100000000)
  region size 1024K, 32 young (32768K), 4 survivors (4096K)
 Metaspace       used 61889K, committed 62464K, reserved 1105920K
  class space    used 8237K, committed 8512K, reserved 1048576K
}
Event: 10.850 GC heap after
{Heap after GC invocations=26 (full 0):
 garbage-first heap   total 198656K, used 120667K [0x0000000080000000, 0x0000000100000000)
  region size 1024K, 2 young (2048K), 2 survivors (2048K)
 Metaspace       used 61889K, committed 62464K, reserved 1105920K
  class space    used 8237K, committed 8512K, reserved 1048576K
}
Event: 11.925 GC heap before
{Heap before GC invocations=27 (full 0):
 garbage-first heap   total 208896K, used 156507K [0x0000000080000000, 0x0000000100000000)
  region size 1024K, 31 young (31744K), 2 survivors (2048K)
 Metaspace       used 64782K, committed 65472K, reserved 1105920K
  class space    used 8607K, committed 8896K, reserved 1048576K
}
Event: 11.935 GC heap after
{Heap after GC invocations=28 (full 0):
 garbage-first heap   total 208896K, used 124404K [0x0000000080000000, 0x0000000100000000)
  region size 1024K, 4 young (4096K), 4 survivors (4096K)
 Metaspace       used 64782K, committed 65472K, reserved 1105920K
  class space    used 8607K, committed 8896K, reserved 1048576K
}
Event: 12.156 GC heap before
{Heap before GC invocations=28 (full 0):
 garbage-first heap   total 208896K, used 130548K [0x0000000080000000, 0x0000000100000000)
  region size 1024K, 10 young (10240K), 4 survivors (4096K)
 Metaspace       used 65473K, committed 66112K, reserved 1114112K
  class space    used 8698K, committed 8960K, reserved 1048576K
}
Event: 12.164 GC heap after
{Heap after GC invocations=29 (full 0):
 garbage-first heap   total 208896K, used 124645K [0x0000000080000000, 0x0000000100000000)
  region size 1024K, 1 young (1024K), 1 survivors (1024K)
 Metaspace       used 65473K, committed 66112K, reserved 1114112K
  class space    used 8698K, committed 8960K, reserved 1048576K
}
Event: 12.812 GC heap before
{Heap before GC invocations=29 (full 0):
 garbage-first heap   total 208896K, used 147173K [0x0000000080000000, 0x0000000100000000)
  region size 1024K, 24 young (24576K), 1 survivors (1024K)
 Metaspace       used 67364K, committed 68032K, reserved 1114112K
  class space    used 8916K, committed 9216K, reserved 1048576K
}
Event: 12.817 GC heap after
{Heap after GC invocations=30 (full 0):
 garbage-first heap   total 208896K, used 126076K [0x0000000080000000, 0x0000000100000000)
  region size 1024K, 3 young (3072K), 3 survivors (3072K)
 Metaspace       used 67364K, committed 68032K, reserved 1114112K
  class space    used 8916K, committed 9216K, reserved 1048576K
}
Event: 13.996 GC heap before
{Heap before GC invocations=31 (full 0):
 garbage-first heap   total 219136K, used 163964K [0x0000000080000000, 0x0000000100000000)
  region size 1024K, 39 young (39936K), 3 survivors (3072K)
 Metaspace       used 70765K, committed 71488K, reserved 1114112K
  class space    used 9386K, committed 9728K, reserved 1048576K
}
Event: 14.007 GC heap after
{Heap after GC invocations=32 (full 0):
 garbage-first heap   total 219136K, used 128321K [0x0000000080000000, 0x0000000100000000)
  region size 1024K, 5 young (5120K), 5 survivors (5120K)
 Metaspace       used 70765K, committed 71488K, reserved 1114112K
  class space    used 9386K, committed 9728K, reserved 1048576K
}
Event: 14.095 GC heap before
{Heap before GC invocations=32 (full 0):
 garbage-first heap   total 219136K, used 133441K [0x0000000080000000, 0x0000000100000000)
  region size 1024K, 10 young (10240K), 5 survivors (5120K)
 Metaspace       used 70779K, committed 71488K, reserved 1114112K
  class space    used 9387K, committed 9728K, reserved 1048576K
}
Event: 14.113 GC heap after
{Heap after GC invocations=33 (full 0):
 garbage-first heap   total 219136K, used 128379K [0x0000000080000000, 0x0000000100000000)
  region size 1024K, 1 young (1024K), 1 survivors (1024K)
 Metaspace       used 70779K, committed 71488K, reserved 1114112K
  class space    used 9387K, committed 9728K, reserved 1048576K
}
Event: 15.074 GC heap before
{Heap before GC invocations=33 (full 0):
 garbage-first heap   total 219136K, used 171387K [0x0000000080000000, 0x0000000100000000)
  region size 1024K, 43 young (44032K), 1 survivors (1024K)
 Metaspace       used 72973K, committed 73600K, reserved 1114112K
  class space    used 9679K, committed 9984K, reserved 1048576K
}
Event: 15.082 GC heap after
{Heap after GC invocations=34 (full 0):
 garbage-first heap   total 219136K, used 131143K [0x0000000080000000, 0x0000000100000000)
  region size 1024K, 4 young (4096K), 4 survivors (4096K)
 Metaspace       used 72973K, committed 73600K, reserved 1114112K
  class space    used 9679K, committed 9984K, reserved 1048576K
}

