# JRE version: OpenJDK Runtime Environment (17.0.6) (build 17.0.6+0-b2043.56-9586694)
# Java VM: OpenJDK 64-Bit Server VM (17.0.6+0-b2043.56-9586694, mixed mode, tiered, compressed oops, compressed class ptrs, g1 gc, windows-amd64)
GC Precious Log:
 CPUs: 8 total, 8 available
 Memory: 15963M
 Large Page Support: Disabled
 NUMA Support: Disabled
 Compressed Oops: Enabled (32-bit)
 Heap Region Size: 1M
 Heap Min Capacity: 8M
 Heap Initial Capacity: 250M
 Heap Max Capacity: 2G
 Pre-touch: Disabled
 Parallel Workers: 8
 Concurrent Workers: 2
 Concurrent Refinement Workers: 8
 Periodic GC: Disabled
Heap:
 garbage-first heap   total 204800K, used 61156K [0x0000000080000000, 0x0000000100000000)
  region size 1024K, 1 young (1024K), 1 survivors (1024K)
 Metaspace       used 68296K, committed 68800K, reserved 1114112K
  class space    used 8984K, committed 9216K, reserved 1048576K
GC Heap History (20 events):
Event: 7.601 GC heap after
{Heap after GC invocations=15 (full 0):
 garbage-first heap   total 82944K, used 44515K [0x0000000080000000, 0x0000000100000000)
  region size 1024K, 3 young (3072K), 3 survivors (3072K)
 Metaspace       used 51246K, committed 51648K, reserved 1097728K
  class space    used 6764K, committed 6912K, reserved 1048576K
}
Event: 7.841 GC heap before
{Heap before GC invocations=16 (full 0):
 garbage-first heap   total 89088K, used 66019K [0x0000000080000000, 0x0000000100000000)
  region size 1024K, 20 young (20480K), 3 survivors (3072K)
 Metaspace       used 53036K, committed 53504K, reserved 1097728K
  class space    used 7020K, committed 7232K, reserved 1048576K
}
Event: 7.843 GC heap after
{Heap after GC invocations=17 (full 0):
 garbage-first heap   total 89088K, used 52351K [0x0000000080000000, 0x0000000100000000)
  region size 1024K, 3 young (3072K), 3 survivors (3072K)
 Metaspace       used 53036K, committed 53504K, reserved 1097728K
  class space    used 7020K, committed 7232K, reserved 1048576K
}
Event: 8.331 GC heap before
{Heap before GC invocations=17 (full 0):
 garbage-first heap   total 89088K, used 68735K [0x0000000080000000, 0x0000000100000000)
  region size 1024K, 19 young (19456K), 3 survivors (3072K)
 Metaspace       used 55546K, committed 56000K, reserved 1097728K
  class space    used 7328K, committed 7488K, reserved 1048576K
}
Event: 8.337 GC heap after
{Heap after GC invocations=18 (full 0):
 garbage-first heap   total 89088K, used 53080K [0x0000000080000000, 0x0000000100000000)
  region size 1024K, 1 young (1024K), 1 survivors (1024K)
 Metaspace       used 55546K, committed 56000K, reserved 1097728K
  class space    used 7328K, committed 7488K, reserved 1048576K
}
Event: 8.928 GC heap before
{Heap before GC invocations=19 (full 0):
 garbage-first heap   total 96256K, used 68440K [0x0000000080000000, 0x0000000100000000)
  region size 1024K, 16 young (16384K), 1 survivors (1024K)
 Metaspace       used 57781K, committed 58304K, reserved 1105920K
  class space    used 7630K, committed 7872K, reserved 1048576K
}
Event: 8.933 GC heap after
{Heap after GC invocations=20 (full 0):
 garbage-first heap   total 96256K, used 53457K [0x0000000080000000, 0x0000000100000000)
  region size 1024K, 2 young (2048K), 2 survivors (2048K)
 Metaspace       used 57781K, committed 58304K, reserved 1105920K
  class space    used 7630K, committed 7872K, reserved 1048576K
}
Event: 8.999 GC heap before
{Heap before GC invocations=20 (full 0):
 garbage-first heap   total 96256K, used 55505K [0x0000000080000000, 0x0000000100000000)
  region size 1024K, 4 young (4096K), 2 survivors (2048K)
 Metaspace       used 57999K, committed 58432K, reserved 1105920K
  class space    used 7664K, committed 7872K, reserved 1048576K
}
Event: 9.008 GC heap after
{Heap after GC invocations=21 (full 0):
 garbage-first heap   total 115712K, used 53053K [0x0000000080000000, 0x0000000100000000)
  region size 1024K, 1 young (1024K), 1 survivors (1024K)
 Metaspace       used 57999K, committed 58432K, reserved 1105920K
  class space    used 7664K, committed 7872K, reserved 1048576K
}
Event: 9.590 GC heap before
{Heap before GC invocations=21 (full 0):
 garbage-first heap   total 115712K, used 65341K [0x0000000080000000, 0x0000000100000000)
  region size 1024K, 14 young (14336K), 1 survivors (1024K)
 Metaspace       used 61371K, committed 61888K, reserved 1105920K
  class space    used 8089K, committed 8320K, reserved 1048576K
}
Event: 9.595 GC heap after
{Heap after GC invocations=22 (full 0):
 garbage-first heap   total 115712K, used 54787K [0x0000000080000000, 0x0000000100000000)
  region size 1024K, 2 young (2048K), 2 survivors (2048K)
 Metaspace       used 61371K, committed 61888K, reserved 1105920K
  class space    used 8089K, committed 8320K, reserved 1048576K
}
Event: 10.422 GC heap before
{Heap before GC invocations=23 (full 0):
 garbage-first heap   total 116736K, used 91651K [0x0000000080000000, 0x0000000100000000)
  region size 1024K, 32 young (32768K), 2 survivors (2048K)
 Metaspace       used 63493K, committed 64000K, reserved 1105920K
  class space    used 8372K, committed 8576K, reserved 1048576K
}
Event: 10.430 GC heap after
{Heap after GC invocations=24 (full 0):
 garbage-first heap   total 116736K, used 57538K [0x0000000080000000, 0x0000000100000000)
  region size 1024K, 4 young (4096K), 4 survivors (4096K)
 Metaspace       used 63493K, committed 64000K, reserved 1105920K
  class space    used 8372K, committed 8576K, reserved 1048576K
}
Event: 10.462 GC heap before
{Heap before GC invocations=24 (full 0):
 garbage-first heap   total 116736K, used 58562K [0x0000000080000000, 0x0000000100000000)
  region size 1024K, 5 young (5120K), 4 survivors (4096K)
 Metaspace       used 63577K, committed 64064K, reserved 1105920K
  class space    used 8382K, committed 8576K, reserved 1048576K
}
Event: 10.472 GC heap after
{Heap after GC invocations=25 (full 0):
 garbage-first heap   total 116736K, used 57737K [0x0000000080000000, 0x0000000100000000)
  region size 1024K, 1 young (1024K), 1 survivors (1024K)
 Metaspace       used 63577K, committed 64064K, reserved 1105920K
  class space    used 8382K, committed 8576K, reserved 1048576K
}
Event: 11.043 GC heap before
{Heap before GC invocations=25 (full 0):
 garbage-first heap   total 116736K, used 77193K [0x0000000080000000, 0x0000000100000000)
  region size 1024K, 21 young (21504K), 1 survivors (1024K)
 Metaspace       used 65075K, committed 65664K, reserved 1114112K
  class space    used 8551K, committed 8832K, reserved 1048576K
}
Event: 11.048 GC heap after
{Heap after GC invocations=26 (full 0):
 garbage-first heap   total 116736K, used 59292K [0x0000000080000000, 0x0000000100000000)
  region size 1024K, 3 young (3072K), 3 survivors (3072K)
 Metaspace       used 65075K, committed 65664K, reserved 1114112K
  class space    used 8551K, committed 8832K, reserved 1048576K
}
Event: 12.003 GC heap before
{Heap before GC invocations=27 (full 0):
 garbage-first heap   total 116736K, used 90012K [0x0000000080000000, 0x0000000100000000)
  region size 1024K, 32 young (32768K), 3 survivors (3072K)
 Metaspace       used 68252K, committed 68736K, reserved 1114112K
  class space    used 8977K, committed 9216K, reserved 1048576K
}
Event: 12.011 GC heap after
{Heap after GC invocations=28 (full 0):
 garbage-first heap   total 116736K, used 60619K [0x0000000080000000, 0x0000000100000000)
  region size 1024K, 4 young (4096K), 4 survivors (4096K)
 Metaspace       used 68252K, committed 68736K, reserved 1114112K
  class space    used 8977K, committed 9216K, reserved 1048576K
}
Event: 12.039 GC heap before
{Heap before GC invocations=28 (full 0):
 garbage-first heap   total 116736K, used 60619K [0x0000000080000000, 0x0000000100000000)
  region size 1024K, 5 young (5120K), 4 survivors (4096K)
 Metaspace       used 68296K, committed 68800K, reserved 1114112K
  class space    used 8984K, committed 9216K, reserved 1048576K
}

